[ 2015-08-17T18:36:35+08:00 ] 127.0.0.1 /
INFO: [ app_begin ] --START--
INFO: ReadHtmlCache Behavior ::run [ RunTime:0.000722s ]
INFO: [ app_begin ] --END-- [ RunTime:0.000798s ]
NOTIC: [8] Undefined index: userinfo /private/var/www/mrenren/ThinkPHP/Lib/Core/Action.class.php 第 71 行.
SQL: SHOW COLUMNS FROM `stj_job` [ RunTime:0.001990s ]
SQL: select * from stj_job where stj_job.is_show=1 and stj_job.employ>(select count(*) from stj_record where stj_record.j_id = stj_job.id and audstart=6) and checkinfo='true' and endtime>unix_timestamp(now()) and is_deleted=0 order by orderid asc, checktime desc,starttime desc limit 0,10 [ RunTime:0.003714s ]
SQL: select com.cpname,com.scale,com.id cpid from stj_company com where  com.id=225 [ RunTime:0.000329s ]
SQL: select cas.cascname from stj_casclist cas where cas.id=22 [ RunTime:0.000266s ]
SQL: select count(*) as num from stj_record where stj_record.j_id = 770 [ RunTime:0.000305s ]
SQL: SHOW COLUMNS FROM `stj_cascadedata` [ RunTime:0.001775s ]
SQL: SELECT * FROM `stj_cascadedata` WHERE ( datagroup='scale' and datavalue=1 ) LIMIT 1   [ RunTime:0.000837s ]
SQL: SELECT * FROM `stj_cascadedata` WHERE ( datagroup='education' and datavalue=2 ) LIMIT 1   [ RunTime:0.000826s ]
SQL: SELECT * FROM `stj_cascadedata` WHERE ( datagroup='treatment' and datavalue=12000 ) LIMIT 1   [ RunTime:0.000839s ]
SQL: SELECT * FROM `stj_cascadedata` WHERE ( datagroup='experience' and datavalue=1 ) LIMIT 1   [ RunTime:0.000779s ]
SQL: select com.cpname,com.scale,com.id cpid from stj_company com where  com.id=225 [ RunTime:0.000223s ]
SQL: select cas.cascname from stj_casclist cas where cas.id=22 [ RunTime:0.000231s ]
SQL: select count(*) as num from stj_record where stj_record.j_id = 780 [ RunTime:0.000211s ]
SQL: SELECT * FROM `stj_cascadedata` WHERE ( datagroup='scale' and datavalue=1 ) LIMIT 1   [ RunTime:0.000825s ]
SQL: SELECT * FROM `stj_cascadedata` WHERE ( datagroup='education' and datavalue=2 ) LIMIT 1   [ RunTime:0.000738s ]
SQL: SELECT * FROM `stj_cascadedata` WHERE ( datagroup='treatment' and datavalue=8000 ) LIMIT 1   [ RunTime:0.000729s ]
SQL: SELECT * FROM `stj_cascadedata` WHERE ( datagroup='experience' and datavalue=2 ) LIMIT 1   [ RunTime:0.000885s ]
SQL: select com.cpname,com.scale,com.id cpid from stj_company com where  com.id=88 [ RunTime:0.000244s ]
SQL: select cas.cascname from stj_casclist cas where cas.id=22 [ RunTime:0.000248s ]
SQL: select count(*) as num from stj_record where stj_record.j_id = 255 [ RunTime:0.000254s ]
SQL: SELECT * FROM `stj_cascadedata` WHERE ( datagroup='scale' and datavalue=4 ) LIMIT 1   [ RunTime:0.000957s ]
SQL: SELECT * FROM `stj_cascadedata` WHERE ( datagroup='education' and datavalue=3 ) LIMIT 1   [ RunTime:0.000808s ]
SQL: SHOW COLUMNS FROM `stj_casclist` [ RunTime:0.002169s ]
SQL: SELECT * FROM `stj_casclist` WHERE ( id='1100' ) LIMIT 1   [ RunTime:0.000231s ]
SQL: SELECT * FROM `stj_cascadedata` WHERE ( datagroup='treatment' and datavalue=20000 ) LIMIT 1   [ RunTime:0.000673s ]
SQL: SELECT * FROM `stj_cascadedata` WHERE ( datagroup='experience' and datavalue=2 ) LIMIT 1   [ RunTime:0.000763s ]
SQL: select com.cpname,com.scale,com.id cpid from stj_company com where  com.id=50 [ RunTime:0.000258s ]
SQL: select cas.cascname from stj_casclist cas where cas.id=22 [ RunTime:0.000205s ]
SQL: select count(*) as num from stj_record where stj_record.j_id = 189 [ RunTime:0.000224s ]
SQL: SELECT * FROM `stj_cascadedata` WHERE ( datagroup='scale' and datavalue=2 ) LIMIT 1   [ RunTime:0.001048s ]
SQL: SELECT * FROM `stj_cascadedata` WHERE ( datagroup='education' and datavalue=2 ) LIMIT 1   [ RunTime:0.000641s ]
SQL: SELECT * FROM `stj_casclist` WHERE ( id='952' ) LIMIT 1   [ RunTime:0.000157s ]
SQL: SELECT * FROM `stj_cascadedata` WHERE ( datagroup='treatment' and datavalue=8000 ) LIMIT 1   [ RunTime:0.000640s ]
SQL: SELECT * FROM `stj_cascadedata` WHERE ( datagroup='experience' and datavalue=6 ) LIMIT 1   [ RunTime:0.000715s ]
SQL: select com.cpname,com.scale,com.id cpid from stj_company com where  com.id=88 [ RunTime:0.000204s ]
SQL: select cas.cascname from stj_casclist cas where cas.id=22 [ RunTime:0.000191s ]
SQL: select count(*) as num from stj_record where stj_record.j_id = 159 [ RunTime:0.000212s ]
SQL: SELECT * FROM `stj_cascadedata` WHERE ( datagroup='scale' and datavalue=4 ) LIMIT 1   [ RunTime:0.000829s ]
SQL: SELECT * FROM `stj_cascadedata` WHERE ( datagroup='education' and datavalue=3 ) LIMIT 1   [ RunTime:0.000756s ]
SQL: SELECT * FROM `stj_casclist` WHERE ( id='1015' ) LIMIT 1   [ RunTime:0.000215s ]
SQL: SELECT * FROM `stj_cascadedata` WHERE ( datagroup='treatment' and datavalue=40000 ) LIMIT 1   [ RunTime:0.000990s ]
SQL: SELECT * FROM `stj_cascadedata` WHERE ( datagroup='experience' and datavalue=3 ) LIMIT 1   [ RunTime:0.000844s ]
SQL: select com.cpname,com.scale,com.id cpid from stj_company com where  com.id=88 [ RunTime:0.000204s ]
SQL: select cas.cascname from stj_casclist cas where cas.id=22 [ RunTime:0.000203s ]
SQL: select count(*) as num from stj_record where stj_record.j_id = 158 [ RunTime:0.000181s ]
SQL: SELECT * FROM `stj_cascadedata` WHERE ( datagroup='scale' and datavalue=4 ) LIMIT 1   [ RunTime:0.000780s ]
SQL: SELECT * FROM `stj_cascadedata` WHERE ( datagroup='education' and datavalue=3 ) LIMIT 1   [ RunTime:0.000704s ]
SQL: SELECT * FROM `stj_casclist` WHERE ( id='1014' ) LIMIT 1   [ RunTime:0.000256s ]
SQL: SELECT * FROM `stj_cascadedata` WHERE ( datagroup='treatment' and datavalue=40000 ) LIMIT 1   [ RunTime:0.000769s ]
SQL: SELECT * FROM `stj_cascadedata` WHERE ( datagroup='experience' and datavalue=3 ) LIMIT 1   [ RunTime:0.000815s ]
SQL: select com.cpname,com.scale,com.id cpid from stj_company com where  com.id=88 [ RunTime:0.000228s ]
SQL: select cas.cascname from stj_casclist cas where cas.id=22 [ RunTime:0.000213s ]
SQL: select count(*) as num from stj_record where stj_record.j_id = 157 [ RunTime:0.000210s ]
SQL: SELECT * FROM `stj_cascadedata` WHERE ( datagroup='scale' and datavalue=4 ) LIMIT 1   [ RunTime:0.000845s ]
SQL: SELECT * FROM `stj_cascadedata` WHERE ( datagroup='education' and datavalue=3 ) LIMIT 1   [ RunTime:0.000851s ]
SQL: SELECT * FROM `stj_casclist` WHERE ( id='1013' ) LIMIT 1   [ RunTime:0.000301s ]
SQL: SELECT * FROM `stj_cascadedata` WHERE ( datagroup='treatment' and datavalue=20000 ) LIMIT 1   [ RunTime:0.005441s ]
SQL: SELECT * FROM `stj_cascadedata` WHERE ( datagroup='experience' and datavalue=3 ) LIMIT 1   [ RunTime:0.005241s ]
SQL: select com.cpname,com.scale,com.id cpid from stj_company com where  com.id=50 [ RunTime:0.000425s ]
SQL: select cas.cascname from stj_casclist cas where cas.id=22 [ RunTime:0.000214s ]
SQL: select count(*) as num from stj_record where stj_record.j_id = 141 [ RunTime:0.000216s ]
SQL: SELECT * FROM `stj_cascadedata` WHERE ( datagroup='scale' and datavalue=2 ) LIMIT 1   [ RunTime:0.001292s ]
SQL: SELECT * FROM `stj_cascadedata` WHERE ( datagroup='education' and datavalue=3 ) LIMIT 1   [ RunTime:0.001134s ]
SQL: SELECT * FROM `stj_casclist` WHERE ( id='1000' ) LIMIT 1   [ RunTime:0.000206s ]
SQL: SELECT * FROM `stj_cascadedata` WHERE ( datagroup='treatment' and datavalue=15000 ) LIMIT 1   [ RunTime:0.001083s ]
SQL: SELECT * FROM `stj_cascadedata` WHERE ( datagroup='experience' and datavalue=2 ) LIMIT 1   [ RunTime:0.001250s ]
SQL: select com.cpname,com.scale,com.id cpid from stj_company com where  com.id=57 [ RunTime:0.000285s ]
SQL: select cas.cascname from stj_casclist cas where cas.id=22 [ RunTime:0.000163s ]
SQL: select count(*) as num from stj_record where stj_record.j_id = 122 [ RunTime:0.000210s ]
SQL: SELECT * FROM `stj_cascadedata` WHERE ( datagroup='scale' and datavalue=2 ) LIMIT 1   [ RunTime:0.000736s ]
SQL: SELECT * FROM `stj_cascadedata` WHERE ( datagroup='education' and datavalue=3 ) LIMIT 1   [ RunTime:0.001441s ]
SQL: SELECT * FROM `stj_casclist` WHERE ( id='731' ) LIMIT 1   [ RunTime:0.000280s ]
SQL: SELECT * FROM `stj_cascadedata` WHERE ( datagroup='treatment' and datavalue=12000 ) LIMIT 1   [ RunTime:0.000855s ]
SQL: SELECT * FROM `stj_cascadedata` WHERE ( datagroup='experience' and datavalue=2 ) LIMIT 1   [ RunTime:0.000859s ]
SQL: select com.cpname,com.scale,com.id cpid from stj_company com where  com.id=57 [ RunTime:0.000244s ]
SQL: select cas.cascname from stj_casclist cas where cas.id=22 [ RunTime:0.000209s ]
SQL: select count(*) as num from stj_record where stj_record.j_id = 113 [ RunTime:0.000245s ]
SQL: SELECT * FROM `stj_cascadedata` WHERE ( datagroup='scale' and datavalue=2 ) LIMIT 1   [ RunTime:0.000896s ]
SQL: SELECT * FROM `stj_cascadedata` WHERE ( datagroup='education' and datavalue=3 ) LIMIT 1   [ RunTime:0.000900s ]
SQL: SELECT * FROM `stj_casclist` WHERE ( id='951' ) LIMIT 1   [ RunTime:0.000211s ]
SQL: SELECT * FROM `stj_cascadedata` WHERE ( datagroup='treatment' and datavalue=15000 ) LIMIT 1   [ RunTime:0.000754s ]
SQL: SELECT * FROM `stj_cascadedata` WHERE ( datagroup='experience' and datavalue=2 ) LIMIT 1   [ RunTime:0.000898s ]
INFO: [ view_parse ] --START--
NOTIC: [8] Undefined variable: arInventedData /private/var/www/mrenren/Home/Runtime/Cache/2b6cd52cd0ae5b2c22ea44ba14a3bf98.php 第 24 行.
NOTIC: [2] Invalid argument supplied for foreach() /private/var/www/mrenren/Home/Runtime/Cache/2b6cd52cd0ae5b2c22ea44ba14a3bf98.php 第 24 行.
NOTIC: [8] Undefined variable: isshow /private/var/www/mrenren/Home/Runtime/Cache/2b6cd52cd0ae5b2c22ea44ba14a3bf98.php 第 830 行.
INFO: ParseTemplate Behavior ::run [ RunTime:0.050302s ]
INFO: [ view_parse ] --END-- [ RunTime:0.050345s ]
INFO: [ view_filter ] --START--
INFO: ContentReplace Behavior ::run [ RunTime:0.002175s ]
INFO: TokenBuild Behavior ::run [ RunTime:0.000828s ]
INFO: WriteHtmlCache Behavior ::run [ RunTime:0.000505s ]
INFO: ShowRuntime Behavior ::run [ RunTime:0.000838s ]
INFO: [ view_filter ] --END-- [ RunTime:0.004542s ]
INFO: [ view_end ] --START--
INFO: ShowPageTrace Behavior ::run [ RunTime:0.000938s ]
INFO: [ view_end ] --END-- [ RunTime:0.000994s ]

[ 2015-08-17T18:36:38+08:00 ] 127.0.0.1 /index.php?s=/Job/job_detail_new/jobid/770
INFO: [ route_check ] --START--
INFO: CheckRoute Behavior ::run [ RunTime:0.001002s ]
INFO: [ route_check ] --END-- [ RunTime:0.001076s ]
INFO: [ app_begin ] --START--
INFO: ReadHtmlCache Behavior ::run [ RunTime:0.000344s ]
INFO: [ app_begin ] --END-- [ RunTime:0.000391s ]
NOTIC: [8] Undefined index: userinfo /private/var/www/mrenren/ThinkPHP/Lib/Core/Action.class.php 第 71 行.
SQL: SHOW COLUMNS FROM `stj_job` [ RunTime:0.002220s ]
SQL: SELECT job.title,job.report,job.report_number,job.type,job.employ,job.starttime,job.orderid,job.posttime,job.experience,job.jobplace,job.education,job.endtime,job.joblang,job.employ,com.cpname,com.remark,job.softlytip,com.webname,job.email,job.mobile,com.address,com.stage,com.nature,com.scale,com.brightreg,com.intro,com.bright,job.content,job.workdesc,job.treatment,job.Tariff,job.Jobcate,job.strycate,cas.cascname,com.id as cpid,job.id FROM stj_job job inner join stj_company com ON job.cpid = com.id inner join stj_casclist cas ON job.Jobplace = cas.id  and  job.id=770 LIMIT 1   [ RunTime:0.000460s ]
SQL: SHOW COLUMNS FROM `stj_cascadedata` [ RunTime:0.002233s ]
SQL: SELECT * FROM `stj_cascadedata` WHERE ( datagroup='stage' and datavalue=3 ) LIMIT 1   [ RunTime:0.000820s ]
SQL: SELECT * FROM `stj_cascadedata` WHERE ( datagroup='nature' and datavalue=1 ) LIMIT 1   [ RunTime:0.000698s ]
SQL: SELECT * FROM `stj_cascadedata` WHERE ( datagroup='scale' and datavalue=1 ) LIMIT 1   [ RunTime:0.000671s ]
SQL: SHOW COLUMNS FROM `stj_casclist` [ RunTime:0.001999s ]
SQL: SELECT * FROM `stj_casclist` WHERE ( id='315' ) LIMIT 1   [ RunTime:0.000266s ]
SQL: SELECT * FROM `stj_cascadedata` WHERE ( datagroup='joblang' and datavalue=1 ) LIMIT 1   [ RunTime:0.000928s ]
SQL: SELECT * FROM `stj_casclist` WHERE ( id='738' ) LIMIT 1   [ RunTime:0.000249s ]
SQL: SELECT * FROM `stj_casclist` WHERE ( id='22' ) LIMIT 1   [ RunTime:0.000192s ]
SQL: SELECT * FROM `stj_cascadedata` WHERE ( datagroup='treatment' and datavalue=12000 ) LIMIT 1   [ RunTime:0.000772s ]
SQL: SELECT * FROM `stj_cascadedata` WHERE ( datagroup='experience' and datavalue=1 ) LIMIT 1   [ RunTime:0.000789s ]
SQL: SELECT * FROM `stj_cascadedata` WHERE ( datagroup='education' and datavalue=2 ) LIMIT 1   [ RunTime:0.000756s ]
SQL: select count(*) as num from stj_record where stj_record.j_id = 770 [ RunTime:0.000222s ]
NOTIC: [8] Undefined index: userinfo /private/var/www/mrenren/Home/Lib/Action/JobAction.class.php 第 95 行.
NOTIC: [8] Undefined index: share /private/var/www/mrenren/Home/Lib/Action/JobAction.class.php 第 114 行.
NOTIC: [8] unserialize(): Error at offset 0 of 8 bytes /private/var/www/mrenren/Home/Common/common.php 第 378 行.
NOTIC: [8] unserialize(): Error at offset 0 of 8 bytes /private/var/www/mrenren/Home/Common/common.php 第 378 行.
NOTIC: [8] Undefined index: userinfo /private/var/www/mrenren/Home/Lib/Action/JobAction.class.php 第 157 行.
SQL: SHOW COLUMNS FROM `stj_company` [ RunTime:0.002466s ]
SQL: select * from stj_job where stj_job.employ>(select count(*) from stj_record where stj_record.j_id = stj_job.id and audstart=6) and checkinfo='true' and endtime>unix_timestamp(now()) and is_deleted=0 and cpid=225 order by orderid asc, starttime desc [ RunTime:0.000880s ]
SQL: select com.cpname,com.id cpid from stj_company com where  com.id=225 [ RunTime:0.000206s ]
SQL: select cas.cascname from stj_casclist cas where cas.id=22 [ RunTime:0.000214s ]
SQL: SELECT * FROM `stj_cascadedata` WHERE ( datagroup='treatment' and datavalue=12000 ) LIMIT 1   [ RunTime:0.000806s ]
SQL: SELECT * FROM `stj_cascadedata` WHERE ( datagroup='experience' and datavalue=1 ) LIMIT 1   [ RunTime:0.000722s ]
SQL: SELECT * FROM `stj_cascadedata` WHERE ( datagroup='education' and datavalue=2 ) LIMIT 1   [ RunTime:0.000732s ]
SQL: select count(*) as num from stj_record where stj_record.j_id = 770 [ RunTime:0.000199s ]
SQL: select com.cpname,com.id cpid from stj_company com where  com.id=225 [ RunTime:0.000240s ]
SQL: select cas.cascname from stj_casclist cas where cas.id=22 [ RunTime:0.000254s ]
SQL: SELECT * FROM `stj_cascadedata` WHERE ( datagroup='treatment' and datavalue=8000 ) LIMIT 1   [ RunTime:0.000971s ]
SQL: SELECT * FROM `stj_cascadedata` WHERE ( datagroup='experience' and datavalue=2 ) LIMIT 1   [ RunTime:0.000955s ]
SQL: SELECT * FROM `stj_cascadedata` WHERE ( datagroup='education' and datavalue=2 ) LIMIT 1   [ RunTime:0.000894s ]
SQL: select count(*) as num from stj_record where stj_record.j_id = 780 [ RunTime:0.000295s ]
SQL: SHOW COLUMNS FROM `stj_evaluate` [ RunTime:0.001952s ]
SQL: SELECT * FROM `stj_evaluate` WHERE ( tag='record' and j_id=770 and status=0 )  [ RunTime:0.000688s ]
INFO: [ view_parse ] --START--
SQL: SHOW COLUMNS FROM `stj_job` [ RunTime:0.002171s ]
SQL: SELECT * FROM `stj_job` WHERE ( id=770 ) LIMIT 1   [ RunTime:0.000294s ]
INFO: ParseTemplate Behavior ::run [ RunTime:0.044287s ]
INFO: [ view_parse ] --END-- [ RunTime:0.044322s ]
INFO: [ view_filter ] --START--
INFO: ContentReplace Behavior ::run [ RunTime:0.000231s ]
INFO: TokenBuild Behavior ::run [ RunTime:0.000145s ]
INFO: WriteHtmlCache Behavior ::run [ RunTime:0.000088s ]
INFO: ShowRuntime Behavior ::run [ RunTime:0.000170s ]
INFO: [ view_filter ] --END-- [ RunTime:0.000698s ]
INFO: [ view_end ] --START--
INFO: ShowPageTrace Behavior ::run [ RunTime:0.000272s ]
INFO: [ view_end ] --END-- [ RunTime:0.000300s ]

[ 2015-08-17T18:36:52+08:00 ] 127.0.0.1 /index.php?s=/Job/job_detail_new/jobid/770
INFO: [ route_check ] --START--
INFO: CheckRoute Behavior ::run [ RunTime:0.000534s ]
INFO: [ route_check ] --END-- [ RunTime:0.000593s ]
INFO: [ app_begin ] --START--
INFO: ReadHtmlCache Behavior ::run [ RunTime:0.000258s ]
INFO: [ app_begin ] --END-- [ RunTime:0.000295s ]

