[ 2015-09-06T15:21:49+08:00 ] 127.0.0.1 /
INFO: [ app_begin ] --START--
INFO: ReadHtmlCache Behavior ::run [ RunTime:0.000411s ]
INFO: [ app_begin ] --END-- [ RunTime:0.000482s ]
NOTIC: [8] Undefined index: userinfo /private/var/www/mrenren/ThinkPHP/Lib/Core/Action.class.php 第 71 行.
SQL: SHOW COLUMNS FROM `stj_job` [ RunTime:0.010337s ]
SQL: select * from stj_job where stj_job.is_show=1 and stj_job.employ>(select count(*) from stj_record where stj_record.j_id = stj_job.id and audstart=6) and checkinfo='true' and endtime>unix_timestamp(now()) and is_deleted=0 order by orderid asc, checktime desc,starttime desc limit 0,10 [ RunTime:0.001676s ]
SQL: select com.cpname,com.scale,com.id cpid from stj_company com where  com.id=88 [ RunTime:0.000253s ]
SQL: select cas.cascname from stj_casclist cas where cas.id=22 [ RunTime:0.000202s ]
SQL: select count(*) as num from stj_record where stj_record.j_id = 255 [ RunTime:0.000171s ]
SQL: SHOW COLUMNS FROM `stj_cascadedata` [ RunTime:0.001438s ]
SQL: SELECT * FROM `stj_cascadedata` WHERE ( datagroup='scale' and datavalue=4 ) LIMIT 1   [ RunTime:0.001207s ]
SQL: SELECT * FROM `stj_cascadedata` WHERE ( datagroup='education' and datavalue=3 ) LIMIT 1   [ RunTime:0.001375s ]
SQL: SHOW COLUMNS FROM `stj_casclist` [ RunTime:0.001399s ]
SQL: SELECT * FROM `stj_casclist` WHERE ( id='1100' ) LIMIT 1   [ RunTime:0.000244s ]
SQL: SELECT * FROM `stj_cascadedata` WHERE ( datagroup='treatment' and datavalue=20000 ) LIMIT 1   [ RunTime:0.001202s ]
SQL: SELECT * FROM `stj_cascadedata` WHERE ( datagroup='experience' and datavalue=2 ) LIMIT 1   [ RunTime:0.001163s ]
SQL: select com.cpname,com.scale,com.id cpid from stj_company com where  com.id=50 [ RunTime:0.000239s ]
SQL: select cas.cascname from stj_casclist cas where cas.id=22 [ RunTime:0.000166s ]
SQL: select count(*) as num from stj_record where stj_record.j_id = 189 [ RunTime:0.000166s ]
SQL: SELECT * FROM `stj_cascadedata` WHERE ( datagroup='scale' and datavalue=2 ) LIMIT 1   [ RunTime:0.000753s ]
SQL: SELECT * FROM `stj_cascadedata` WHERE ( datagroup='education' and datavalue=2 ) LIMIT 1   [ RunTime:0.000798s ]
SQL: SELECT * FROM `stj_casclist` WHERE ( id='952' ) LIMIT 1   [ RunTime:0.000169s ]
SQL: SELECT * FROM `stj_cascadedata` WHERE ( datagroup='treatment' and datavalue=8000 ) LIMIT 1   [ RunTime:0.000646s ]
SQL: SELECT * FROM `stj_cascadedata` WHERE ( datagroup='experience' and datavalue=6 ) LIMIT 1   [ RunTime:0.000753s ]
SQL: select com.cpname,com.scale,com.id cpid from stj_company com where  com.id=88 [ RunTime:0.000184s ]
SQL: select cas.cascname from stj_casclist cas where cas.id=22 [ RunTime:0.000150s ]
SQL: select count(*) as num from stj_record where stj_record.j_id = 159 [ RunTime:0.000153s ]
SQL: SELECT * FROM `stj_cascadedata` WHERE ( datagroup='scale' and datavalue=4 ) LIMIT 1   [ RunTime:0.000817s ]
SQL: SELECT * FROM `stj_cascadedata` WHERE ( datagroup='education' and datavalue=3 ) LIMIT 1   [ RunTime:0.000680s ]
SQL: SELECT * FROM `stj_casclist` WHERE ( id='1015' ) LIMIT 1   [ RunTime:0.000192s ]
SQL: SELECT * FROM `stj_cascadedata` WHERE ( datagroup='treatment' and datavalue=40000 ) LIMIT 1   [ RunTime:0.000637s ]
SQL: SELECT * FROM `stj_cascadedata` WHERE ( datagroup='experience' and datavalue=3 ) LIMIT 1   [ RunTime:0.000967s ]
SQL: select com.cpname,com.scale,com.id cpid from stj_company com where  com.id=88 [ RunTime:0.000200s ]
SQL: select cas.cascname from stj_casclist cas where cas.id=22 [ RunTime:0.000213s ]
SQL: select count(*) as num from stj_record where stj_record.j_id = 158 [ RunTime:0.000284s ]
SQL: SELECT * FROM `stj_cascadedata` WHERE ( datagroup='scale' and datavalue=4 ) LIMIT 1   [ RunTime:0.001255s ]
SQL: SELECT * FROM `stj_cascadedata` WHERE ( datagroup='education' and datavalue=3 ) LIMIT 1   [ RunTime:0.001228s ]
SQL: SELECT * FROM `stj_casclist` WHERE ( id='1014' ) LIMIT 1   [ RunTime:0.000211s ]
SQL: SELECT * FROM `stj_cascadedata` WHERE ( datagroup='treatment' and datavalue=40000 ) LIMIT 1   [ RunTime:0.000672s ]
SQL: SELECT * FROM `stj_cascadedata` WHERE ( datagroup='experience' and datavalue=3 ) LIMIT 1   [ RunTime:0.000670s ]
SQL: select com.cpname,com.scale,com.id cpid from stj_company com where  com.id=88 [ RunTime:0.000234s ]
SQL: select cas.cascname from stj_casclist cas where cas.id=22 [ RunTime:0.000193s ]
SQL: select count(*) as num from stj_record where stj_record.j_id = 157 [ RunTime:0.000294s ]
SQL: SELECT * FROM `stj_cascadedata` WHERE ( datagroup='scale' and datavalue=4 ) LIMIT 1   [ RunTime:0.001164s ]
SQL: SELECT * FROM `stj_cascadedata` WHERE ( datagroup='education' and datavalue=3 ) LIMIT 1   [ RunTime:0.000916s ]
SQL: SELECT * FROM `stj_casclist` WHERE ( id='1013' ) LIMIT 1   [ RunTime:0.000256s ]
SQL: SELECT * FROM `stj_cascadedata` WHERE ( datagroup='treatment' and datavalue=20000 ) LIMIT 1   [ RunTime:0.000700s ]
SQL: SELECT * FROM `stj_cascadedata` WHERE ( datagroup='experience' and datavalue=3 ) LIMIT 1   [ RunTime:0.000650s ]
SQL: select com.cpname,com.scale,com.id cpid from stj_company com where  com.id=50 [ RunTime:0.000228s ]
SQL: select cas.cascname from stj_casclist cas where cas.id=22 [ RunTime:0.000206s ]
SQL: select count(*) as num from stj_record where stj_record.j_id = 141 [ RunTime:0.000221s ]
SQL: SELECT * FROM `stj_cascadedata` WHERE ( datagroup='scale' and datavalue=2 ) LIMIT 1   [ RunTime:0.000828s ]
SQL: SELECT * FROM `stj_cascadedata` WHERE ( datagroup='education' and datavalue=3 ) LIMIT 1   [ RunTime:0.001040s ]
SQL: SELECT * FROM `stj_casclist` WHERE ( id='1000' ) LIMIT 1   [ RunTime:0.000375s ]
SQL: SELECT * FROM `stj_cascadedata` WHERE ( datagroup='treatment' and datavalue=15000 ) LIMIT 1   [ RunTime:0.001006s ]
SQL: SELECT * FROM `stj_cascadedata` WHERE ( datagroup='experience' and datavalue=2 ) LIMIT 1   [ RunTime:0.000843s ]
SQL: select com.cpname,com.scale,com.id cpid from stj_company com where  com.id=57 [ RunTime:0.000203s ]
SQL: select cas.cascname from stj_casclist cas where cas.id=22 [ RunTime:0.000211s ]
SQL: select count(*) as num from stj_record where stj_record.j_id = 122 [ RunTime:0.000203s ]
SQL: SELECT * FROM `stj_cascadedata` WHERE ( datagroup='scale' and datavalue=2 ) LIMIT 1   [ RunTime:0.000759s ]
SQL: SELECT * FROM `stj_cascadedata` WHERE ( datagroup='education' and datavalue=3 ) LIMIT 1   [ RunTime:0.000799s ]
SQL: SELECT * FROM `stj_casclist` WHERE ( id='731' ) LIMIT 1   [ RunTime:0.000158s ]
SQL: SELECT * FROM `stj_cascadedata` WHERE ( datagroup='treatment' and datavalue=12000 ) LIMIT 1   [ RunTime:0.000653s ]
SQL: SELECT * FROM `stj_cascadedata` WHERE ( datagroup='experience' and datavalue=2 ) LIMIT 1   [ RunTime:0.000611s ]
SQL: select com.cpname,com.scale,com.id cpid from stj_company com where  com.id=57 [ RunTime:0.000156s ]
SQL: select cas.cascname from stj_casclist cas where cas.id=22 [ RunTime:0.000131s ]
SQL: select count(*) as num from stj_record where stj_record.j_id = 113 [ RunTime:0.000157s ]
SQL: SELECT * FROM `stj_cascadedata` WHERE ( datagroup='scale' and datavalue=2 ) LIMIT 1   [ RunTime:0.000791s ]
SQL: SELECT * FROM `stj_cascadedata` WHERE ( datagroup='education' and datavalue=3 ) LIMIT 1   [ RunTime:0.000774s ]
SQL: SELECT * FROM `stj_casclist` WHERE ( id='951' ) LIMIT 1   [ RunTime:0.008607s ]
SQL: SELECT * FROM `stj_cascadedata` WHERE ( datagroup='treatment' and datavalue=15000 ) LIMIT 1   [ RunTime:0.004529s ]
SQL: SELECT * FROM `stj_cascadedata` WHERE ( datagroup='experience' and datavalue=2 ) LIMIT 1   [ RunTime:0.001420s ]
SQL: select com.cpname,com.scale,com.id cpid from stj_company com where  com.id=100 [ RunTime:0.000290s ]
SQL: select cas.cascname from stj_casclist cas where cas.id=22 [ RunTime:0.000241s ]
SQL: select count(*) as num from stj_record where stj_record.j_id = 106 [ RunTime:0.000231s ]
SQL: SELECT * FROM `stj_cascadedata` WHERE ( datagroup='scale' and datavalue=3 ) LIMIT 1   [ RunTime:0.000698s ]
SQL: SELECT * FROM `stj_cascadedata` WHERE ( datagroup='education' and datavalue=0 ) LIMIT 1   [ RunTime:0.000707s ]
SQL: SELECT * FROM `stj_casclist` WHERE ( id='734' ) LIMIT 1   [ RunTime:0.000228s ]
SQL: SELECT * FROM `stj_cascadedata` WHERE ( datagroup='treatment' and datavalue=5000 ) LIMIT 1   [ RunTime:0.000673s ]
SQL: SELECT * FROM `stj_cascadedata` WHERE ( datagroup='experience' and datavalue=6 ) LIMIT 1   [ RunTime:0.000667s ]
SQL: select com.cpname,com.scale,com.id cpid from stj_company com where  com.id=50 [ RunTime:0.000228s ]
SQL: select cas.cascname from stj_casclist cas where cas.id=22 [ RunTime:0.000201s ]
SQL: select count(*) as num from stj_record where stj_record.j_id = 93 [ RunTime:0.000221s ]
SQL: SELECT * FROM `stj_cascadedata` WHERE ( datagroup='scale' and datavalue=2 ) LIMIT 1   [ RunTime:0.000729s ]
SQL: SELECT * FROM `stj_cascadedata` WHERE ( datagroup='education' and datavalue=3 ) LIMIT 1   [ RunTime:0.000676s ]
SQL: SELECT * FROM `stj_casclist` WHERE ( id='766' ) LIMIT 1   [ RunTime:0.000180s ]
SQL: SELECT * FROM `stj_cascadedata` WHERE ( datagroup='treatment' and datavalue=12000 ) LIMIT 1   [ RunTime:0.000971s ]
SQL: SELECT * FROM `stj_cascadedata` WHERE ( datagroup='experience' and datavalue=6 ) LIMIT 1   [ RunTime:0.001092s ]
INFO: [ view_parse ] --START--
NOTIC: [8] Undefined variable: arInventedData /private/var/www/mrenren/Home/Runtime/Cache/2b6cd52cd0ae5b2c22ea44ba14a3bf98.php 第 24 行.
NOTIC: [2] Invalid argument supplied for foreach() /private/var/www/mrenren/Home/Runtime/Cache/2b6cd52cd0ae5b2c22ea44ba14a3bf98.php 第 24 行.
NOTIC: [8] Undefined variable: isshow /private/var/www/mrenren/Home/Runtime/Cache/2b6cd52cd0ae5b2c22ea44ba14a3bf98.php 第 830 行.
INFO: ParseTemplate Behavior ::run [ RunTime:0.030456s ]
INFO: [ view_parse ] --END-- [ RunTime:0.030490s ]
INFO: [ view_filter ] --START--
INFO: ContentReplace Behavior ::run [ RunTime:0.000268s ]
INFO: TokenBuild Behavior ::run [ RunTime:0.000157s ]
INFO: WriteHtmlCache Behavior ::run [ RunTime:0.000088s ]
INFO: ShowRuntime Behavior ::run [ RunTime:0.000186s ]
INFO: [ view_filter ] --END-- [ RunTime:0.000767s ]
INFO: [ view_end ] --START--
INFO: ShowPageTrace Behavior ::run [ RunTime:0.000409s ]
INFO: [ view_end ] --END-- [ RunTime:0.000456s ]

[ 2015-09-06T15:21:52+08:00 ] 127.0.0.1 /Public/js/maps/swiper.min.js.map
INFO: [ route_check ] --START--
INFO: CheckRoute Behavior ::run [ RunTime:0.000377s ]
INFO: [ route_check ] --END-- [ RunTime:0.000465s ]
INFO: [ app_begin ] --START--
INFO: ReadHtmlCache Behavior ::run [ RunTime:0.000206s ]
INFO: [ app_begin ] --END-- [ RunTime:0.000233s ]
ERR: 无法加载模块:Public

[ 2015-09-06T15:21:54+08:00 ] 127.0.0.1 /index.php?s=/Login/login
INFO: [ route_check ] --START--
INFO: CheckRoute Behavior ::run [ RunTime:0.000360s ]
INFO: [ route_check ] --END-- [ RunTime:0.000397s ]
INFO: [ app_begin ] --START--
INFO: ReadHtmlCache Behavior ::run [ RunTime:0.000188s ]
INFO: [ app_begin ] --END-- [ RunTime:0.000215s ]
NOTIC: [8] Undefined index: userinfo /private/var/www/mrenren/ThinkPHP/Lib/Core/Action.class.php 第 71 行.
NOTIC: [8] Undefined index: userinfo /private/var/www/mrenren/Home/Lib/Action/LoginAction.class.php 第 19 行.
NOTIC: [8] Undefined index: cuserinfo /private/var/www/mrenren/Home/Lib/Action/LoginAction.class.php 第 19 行.
INFO: [ view_parse ] --START--
INFO: ParseTemplate Behavior ::run [ RunTime:0.013083s ]
INFO: [ view_parse ] --END-- [ RunTime:0.013154s ]
INFO: [ view_filter ] --START--
INFO: ContentReplace Behavior ::run [ RunTime:0.000397s ]
INFO: TokenBuild Behavior ::run [ RunTime:0.000184s ]
INFO: WriteHtmlCache Behavior ::run [ RunTime:0.000104s ]
INFO: ShowRuntime Behavior ::run [ RunTime:0.000223s ]
INFO: [ view_filter ] --END-- [ RunTime:0.001011s ]
INFO: [ view_end ] --START--
INFO: ShowPageTrace Behavior ::run [ RunTime:0.000377s ]
INFO: [ view_end ] --END-- [ RunTime:0.000426s ]

[ 2015-09-06T15:22:00+08:00 ] 127.0.0.1 /index.php?s=/Login/judge_login
INFO: [ route_check ] --START--
INFO: CheckRoute Behavior ::run [ RunTime:0.000373s ]
INFO: [ route_check ] --END-- [ RunTime:0.000415s ]
INFO: [ app_begin ] --START--
INFO: ReadHtmlCache Behavior ::run [ RunTime:0.000216s ]
INFO: [ app_begin ] --END-- [ RunTime:0.000241s ]
NOTIC: [8] Undefined index: userinfo /private/var/www/mrenren/ThinkPHP/Lib/Core/Action.class.php 第 71 行.
SQL: SHOW COLUMNS FROM `stj_userinfo` [ RunTime:0.009815s ]
SQL: SELECT * FROM `stj_userinfo` WHERE ( `username` = 'sytest' ) AND ( `password` = '9db06bcff9248837f86d1a6bcf41c9e7' ) AND ( `status` = 1 ) AND ( `is_deleted` = 0 ) LIMIT 1   [ RunTime:0.001160s ]
SQL: SHOW COLUMNS FROM `stj_member` [ RunTime:0.001127s ]
SQL: SELECT * FROM `stj_member` WHERE ( username='sytest' ) LIMIT 1   [ RunTime:0.000868s ]
SQL: UPDATE `stj_member` SET `logintime`=1441524120,`loginip`='127.0.0.1' WHERE ( id=1175 ) [ RunTime:0.000259s ]

[ 2015-09-06T15:22:00+08:00 ] 127.0.0.1 /index.php?s=/Index/index.html
INFO: [ route_check ] --START--
INFO: CheckRoute Behavior ::run [ RunTime:0.000407s ]
INFO: [ route_check ] --END-- [ RunTime:0.000448s ]
INFO: [ app_begin ] --START--
INFO: ReadHtmlCache Behavior ::run [ RunTime:0.000208s ]
INFO: [ app_begin ] --END-- [ RunTime:0.000234s ]
SQL: SHOW COLUMNS FROM `stj_job` [ RunTime:0.001653s ]
SQL: select * from stj_job where stj_job.is_show=1 and stj_job.employ>(select count(*) from stj_record where stj_record.j_id = stj_job.id and audstart=6) and checkinfo='true' and endtime>unix_timestamp(now()) and is_deleted=0 order by orderid asc, checktime desc,starttime desc limit 0,10 [ RunTime:0.001643s ]
SQL: select com.cpname,com.scale,com.id cpid from stj_company com where  com.id=88 [ RunTime:0.000178s ]
SQL: select cas.cascname from stj_casclist cas where cas.id=22 [ RunTime:0.000147s ]
SQL: select count(*) as num from stj_record where stj_record.j_id = 255 [ RunTime:0.000152s ]
SQL: SHOW COLUMNS FROM `stj_cascadedata` [ RunTime:0.001004s ]
SQL: SELECT * FROM `stj_cascadedata` WHERE ( datagroup='scale' and datavalue=4 ) LIMIT 1   [ RunTime:0.000941s ]
SQL: SELECT * FROM `stj_cascadedata` WHERE ( datagroup='education' and datavalue=3 ) LIMIT 1   [ RunTime:0.000712s ]
SQL: SHOW COLUMNS FROM `stj_casclist` [ RunTime:0.001437s ]
SQL: SELECT * FROM `stj_casclist` WHERE ( id='1100' ) LIMIT 1   [ RunTime:0.000265s ]
SQL: SELECT * FROM `stj_cascadedata` WHERE ( datagroup='treatment' and datavalue=20000 ) LIMIT 1   [ RunTime:0.001122s ]
SQL: SELECT * FROM `stj_cascadedata` WHERE ( datagroup='experience' and datavalue=2 ) LIMIT 1   [ RunTime:0.001235s ]
SQL: select com.cpname,com.scale,com.id cpid from stj_company com where  com.id=50 [ RunTime:0.000280s ]
SQL: select cas.cascname from stj_casclist cas where cas.id=22 [ RunTime:0.000209s ]
SQL: select count(*) as num from stj_record where stj_record.j_id = 189 [ RunTime:0.000202s ]
SQL: SELECT * FROM `stj_cascadedata` WHERE ( datagroup='scale' and datavalue=2 ) LIMIT 1   [ RunTime:0.000875s ]
SQL: SELECT * FROM `stj_cascadedata` WHERE ( datagroup='education' and datavalue=2 ) LIMIT 1   [ RunTime:0.000897s ]
SQL: SELECT * FROM `stj_casclist` WHERE ( id='952' ) LIMIT 1   [ RunTime:0.000210s ]
SQL: SELECT * FROM `stj_cascadedata` WHERE ( datagroup='treatment' and datavalue=8000 ) LIMIT 1   [ RunTime:0.000883s ]
SQL: SELECT * FROM `stj_cascadedata` WHERE ( datagroup='experience' and datavalue=6 ) LIMIT 1   [ RunTime:0.000791s ]
SQL: select com.cpname,com.scale,com.id cpid from stj_company com where  com.id=88 [ RunTime:0.000242s ]
SQL: select cas.cascname from stj_casclist cas where cas.id=22 [ RunTime:0.000200s ]
SQL: select count(*) as num from stj_record where stj_record.j_id = 159 [ RunTime:0.000226s ]
SQL: SELECT * FROM `stj_cascadedata` WHERE ( datagroup='scale' and datavalue=4 ) LIMIT 1   [ RunTime:0.000915s ]
SQL: SELECT * FROM `stj_cascadedata` WHERE ( datagroup='education' and datavalue=3 ) LIMIT 1   [ RunTime:0.000796s ]
SQL: SELECT * FROM `stj_casclist` WHERE ( id='1015' ) LIMIT 1   [ RunTime:0.000261s ]
SQL: SELECT * FROM `stj_cascadedata` WHERE ( datagroup='treatment' and datavalue=40000 ) LIMIT 1   [ RunTime:0.000945s ]
SQL: SELECT * FROM `stj_cascadedata` WHERE ( datagroup='experience' and datavalue=3 ) LIMIT 1   [ RunTime:0.000736s ]
SQL: select com.cpname,com.scale,com.id cpid from stj_company com where  com.id=88 [ RunTime:0.000200s ]
SQL: select cas.cascname from stj_casclist cas where cas.id=22 [ RunTime:0.000184s ]
SQL: select count(*) as num from stj_record where stj_record.j_id = 158 [ RunTime:0.000194s ]
SQL: SELECT * FROM `stj_cascadedata` WHERE ( datagroup='scale' and datavalue=4 ) LIMIT 1   [ RunTime:0.001014s ]
SQL: SELECT * FROM `stj_cascadedata` WHERE ( datagroup='education' and datavalue=3 ) LIMIT 1   [ RunTime:0.000767s ]
SQL: SELECT * FROM `stj_casclist` WHERE ( id='1014' ) LIMIT 1   [ RunTime:0.000146s ]
SQL: SELECT * FROM `stj_cascadedata` WHERE ( datagroup='treatment' and datavalue=40000 ) LIMIT 1   [ RunTime:0.000631s ]
SQL: SELECT * FROM `stj_cascadedata` WHERE ( datagroup='experience' and datavalue=3 ) LIMIT 1   [ RunTime:0.000659s ]
SQL: select com.cpname,com.scale,com.id cpid from stj_company com where  com.id=88 [ RunTime:0.000231s ]
SQL: select cas.cascname from stj_casclist cas where cas.id=22 [ RunTime:0.000208s ]
SQL: select count(*) as num from stj_record where stj_record.j_id = 157 [ RunTime:0.000223s ]
SQL: SELECT * FROM `stj_cascadedata` WHERE ( datagroup='scale' and datavalue=4 ) LIMIT 1   [ RunTime:0.000812s ]
SQL: SELECT * FROM `stj_cascadedata` WHERE ( datagroup='education' and datavalue=3 ) LIMIT 1   [ RunTime:0.000972s ]
SQL: SELECT * FROM `stj_casclist` WHERE ( id='1013' ) LIMIT 1   [ RunTime:0.000181s ]
SQL: SELECT * FROM `stj_cascadedata` WHERE ( datagroup='treatment' and datavalue=20000 ) LIMIT 1   [ RunTime:0.000783s ]
SQL: SELECT * FROM `stj_cascadedata` WHERE ( datagroup='experience' and datavalue=3 ) LIMIT 1   [ RunTime:0.000735s ]
SQL: select com.cpname,com.scale,com.id cpid from stj_company com where  com.id=50 [ RunTime:0.000207s ]
SQL: select cas.cascname from stj_casclist cas where cas.id=22 [ RunTime:0.000195s ]
SQL: select count(*) as num from stj_record where stj_record.j_id = 141 [ RunTime:0.000221s ]
SQL: SELECT * FROM `stj_cascadedata` WHERE ( datagroup='scale' and datavalue=2 ) LIMIT 1   [ RunTime:0.000973s ]
SQL: SELECT * FROM `stj_cascadedata` WHERE ( datagroup='education' and datavalue=3 ) LIMIT 1   [ RunTime:0.000847s ]
SQL: SELECT * FROM `stj_casclist` WHERE ( id='1000' ) LIMIT 1   [ RunTime:0.000234s ]
SQL: SELECT * FROM `stj_cascadedata` WHERE ( datagroup='treatment' and datavalue=15000 ) LIMIT 1   [ RunTime:0.000737s ]
SQL: SELECT * FROM `stj_cascadedata` WHERE ( datagroup='experience' and datavalue=2 ) LIMIT 1   [ RunTime:0.000786s ]
SQL: select com.cpname,com.scale,com.id cpid from stj_company com where  com.id=57 [ RunTime:0.000206s ]
SQL: select cas.cascname from stj_casclist cas where cas.id=22 [ RunTime:0.000189s ]
SQL: select count(*) as num from stj_record where stj_record.j_id = 122 [ RunTime:0.000211s ]
SQL: SELECT * FROM `stj_cascadedata` WHERE ( datagroup='scale' and datavalue=2 ) LIMIT 1   [ RunTime:0.000854s ]
SQL: SELECT * FROM `stj_cascadedata` WHERE ( datagroup='education' and datavalue=3 ) LIMIT 1   [ RunTime:0.000785s ]
SQL: SELECT * FROM `stj_casclist` WHERE ( id='731' ) LIMIT 1   [ RunTime:0.000202s ]
SQL: SELECT * FROM `stj_cascadedata` WHERE ( datagroup='treatment' and datavalue=12000 ) LIMIT 1   [ RunTime:0.000817s ]
SQL: SELECT * FROM `stj_cascadedata` WHERE ( datagroup='experience' and datavalue=2 ) LIMIT 1   [ RunTime:0.000798s ]
SQL: select com.cpname,com.scale,com.id cpid from stj_company com where  com.id=57 [ RunTime:0.000187s ]
SQL: select cas.cascname from stj_casclist cas where cas.id=22 [ RunTime:0.000146s ]
SQL: select count(*) as num from stj_record where stj_record.j_id = 113 [ RunTime:0.000191s ]
SQL: SELECT * FROM `stj_cascadedata` WHERE ( datagroup='scale' and datavalue=2 ) LIMIT 1   [ RunTime:0.000690s ]
SQL: SELECT * FROM `stj_cascadedata` WHERE ( datagroup='education' and datavalue=3 ) LIMIT 1   [ RunTime:0.000646s ]
SQL: SELECT * FROM `stj_casclist` WHERE ( id='951' ) LIMIT 1   [ RunTime:0.000161s ]
SQL: SELECT * FROM `stj_cascadedata` WHERE ( datagroup='treatment' and datavalue=15000 ) LIMIT 1   [ RunTime:0.000626s ]
SQL: SELECT * FROM `stj_cascadedata` WHERE ( datagroup='experience' and datavalue=2 ) LIMIT 1   [ RunTime:0.000873s ]
SQL: select com.cpname,com.scale,com.id cpid from stj_company com where  com.id=100 [ RunTime:0.000261s ]
SQL: select cas.cascname from stj_casclist cas where cas.id=22 [ RunTime:0.000215s ]
SQL: select count(*) as num from stj_record where stj_record.j_id = 106 [ RunTime:0.000242s ]
SQL: SELECT * FROM `stj_cascadedata` WHERE ( datagroup='scale' and datavalue=3 ) LIMIT 1   [ RunTime:0.000992s ]
SQL: SELECT * FROM `stj_cascadedata` WHERE ( datagroup='education' and datavalue=0 ) LIMIT 1   [ RunTime:0.000709s ]
SQL: SELECT * FROM `stj_casclist` WHERE ( id='734' ) LIMIT 1   [ RunTime:0.000243s ]
SQL: SELECT * FROM `stj_cascadedata` WHERE ( datagroup='treatment' and datavalue=5000 ) LIMIT 1   [ RunTime:0.000711s ]
SQL: SELECT * FROM `stj_cascadedata` WHERE ( datagroup='experience' and datavalue=6 ) LIMIT 1   [ RunTime:0.001521s ]
SQL: select com.cpname,com.scale,com.id cpid from stj_company com where  com.id=50 [ RunTime:0.000398s ]
SQL: select cas.cascname from stj_casclist cas where cas.id=22 [ RunTime:0.000177s ]
SQL: select count(*) as num from stj_record where stj_record.j_id = 93 [ RunTime:0.000226s ]
SQL: SELECT * FROM `stj_cascadedata` WHERE ( datagroup='scale' and datavalue=2 ) LIMIT 1   [ RunTime:0.000901s ]
SQL: SELECT * FROM `stj_cascadedata` WHERE ( datagroup='education' and datavalue=3 ) LIMIT 1   [ RunTime:0.000674s ]
SQL: SELECT * FROM `stj_casclist` WHERE ( id='766' ) LIMIT 1   [ RunTime:0.000175s ]
SQL: SELECT * FROM `stj_cascadedata` WHERE ( datagroup='treatment' and datavalue=12000 ) LIMIT 1   [ RunTime:0.000624s ]
SQL: SELECT * FROM `stj_cascadedata` WHERE ( datagroup='experience' and datavalue=6 ) LIMIT 1   [ RunTime:0.000665s ]
SQL: SHOW COLUMNS FROM `stj_member` [ RunTime:0.001237s ]
SQL: SELECT * FROM `stj_member` WHERE ( id='1175' ) LIMIT 1   [ RunTime:0.000299s ]
SQL: SHOW COLUMNS FROM `stj_resume` [ RunTime:0.001672s ]
SQL: SELECT COUNT(*) AS tp_count FROM `stj_resume` WHERE ( t_id=1175 and isshow=1 ) LIMIT 1   [ RunTime:0.000725s ]
SQL: SHOW COLUMNS FROM `stj_record` [ RunTime:0.002261s ]
SQL: SELECT * FROM `stj_record` WHERE ( t_id=1175 )  [ RunTime:0.000507s ]
SQL: SHOW COLUMNS FROM `stj_account` [ RunTime:0.001584s ]
SQL: SELECT `account` FROM `stj_account` WHERE ( uid=1175 ) LIMIT 1   [ RunTime:0.000272s ]
NOTIC: [8] Undefined index: checkinfo /private/var/www/mrenren/Home/Lib/Action/IndexAction.class.php 第 151 行.
NOTIC: [8] Undefined index: checkinfo /private/var/www/mrenren/Home/Lib/Action/IndexAction.class.php 第 151 行.
NOTIC: [8] Undefined index: checkinfo /private/var/www/mrenren/Home/Lib/Action/IndexAction.class.php 第 151 行.
NOTIC: [8] Undefined index: checkinfo /private/var/www/mrenren/Home/Lib/Action/IndexAction.class.php 第 151 行.
NOTIC: [8] Undefined index: checkinfo /private/var/www/mrenren/Home/Lib/Action/IndexAction.class.php 第 151 行.
INFO: [ view_parse ] --START--
NOTIC: [8] Undefined variable: arInventedData /private/var/www/mrenren/Home/Runtime/Cache/2b6cd52cd0ae5b2c22ea44ba14a3bf98.php 第 24 行.
NOTIC: [2] Invalid argument supplied for foreach() /private/var/www/mrenren/Home/Runtime/Cache/2b6cd52cd0ae5b2c22ea44ba14a3bf98.php 第 24 行.
NOTIC: [8] Undefined variable: select /private/var/www/mrenren/Home/Runtime/Cache/2b6cd52cd0ae5b2c22ea44ba14a3bf98.php 第 279 行.
NOTIC: [8] Undefined variable: select /private/var/www/mrenren/Home/Runtime/Cache/2b6cd52cd0ae5b2c22ea44ba14a3bf98.php 第 280 行.
NOTIC: [8] Undefined variable: select /private/var/www/mrenren/Home/Runtime/Cache/2b6cd52cd0ae5b2c22ea44ba14a3bf98.php 第 281 行.
NOTIC: [8] Undefined variable: select /private/var/www/mrenren/Home/Runtime/Cache/2b6cd52cd0ae5b2c22ea44ba14a3bf98.php 第 282 行.
NOTIC: [8] Undefined variable: select /private/var/www/mrenren/Home/Runtime/Cache/2b6cd52cd0ae5b2c22ea44ba14a3bf98.php 第 283 行.
NOTIC: [8] Undefined variable: select /private/var/www/mrenren/Home/Runtime/Cache/2b6cd52cd0ae5b2c22ea44ba14a3bf98.php 第 367 行.
NOTIC: [8] Undefined variable: select /private/var/www/mrenren/Home/Runtime/Cache/2b6cd52cd0ae5b2c22ea44ba14a3bf98.php 第 368 行.
NOTIC: [8] Undefined variable: select /private/var/www/mrenren/Home/Runtime/Cache/2b6cd52cd0ae5b2c22ea44ba14a3bf98.php 第 369 行.
NOTIC: [8] Undefined variable: select /private/var/www/mrenren/Home/Runtime/Cache/2b6cd52cd0ae5b2c22ea44ba14a3bf98.php 第 370 行.
NOTIC: [8] Undefined variable: select /private/var/www/mrenren/Home/Runtime/Cache/2b6cd52cd0ae5b2c22ea44ba14a3bf98.php 第 371 行.
NOTIC: [8] Undefined variable: select /private/var/www/mrenren/Home/Runtime/Cache/2b6cd52cd0ae5b2c22ea44ba14a3bf98.php 第 503 行.
NOTIC: [8] Undefined variable: select /private/var/www/mrenren/Home/Runtime/Cache/2b6cd52cd0ae5b2c22ea44ba14a3bf98.php 第 504 行.
NOTIC: [8] Undefined variable: select /private/var/www/mrenren/Home/Runtime/Cache/2b6cd52cd0ae5b2c22ea44ba14a3bf98.php 第 505 行.
NOTIC: [8] Undefined variable: select /private/var/www/mrenren/Home/Runtime/Cache/2b6cd52cd0ae5b2c22ea44ba14a3bf98.php 第 506 行.
NOTIC: [8] Undefined variable: select /private/var/www/mrenren/Home/Runtime/Cache/2b6cd52cd0ae5b2c22ea44ba14a3bf98.php 第 507 行.
NOTIC: [8] Undefined variable: select /private/var/www/mrenren/Home/Runtime/Cache/2b6cd52cd0ae5b2c22ea44ba14a3bf98.php 第 584 行.
NOTIC: [8] Undefined variable: select /private/var/www/mrenren/Home/Runtime/Cache/2b6cd52cd0ae5b2c22ea44ba14a3bf98.php 第 585 行.
NOTIC: [8] Undefined variable: select /private/var/www/mrenren/Home/Runtime/Cache/2b6cd52cd0ae5b2c22ea44ba14a3bf98.php 第 586 行.
NOTIC: [8] Undefined variable: select /private/var/www/mrenren/Home/Runtime/Cache/2b6cd52cd0ae5b2c22ea44ba14a3bf98.php 第 587 行.
NOTIC: [8] Undefined variable: select /private/var/www/mrenren/Home/Runtime/Cache/2b6cd52cd0ae5b2c22ea44ba14a3bf98.php 第 588 行.
NOTIC: [8] Undefined variable: select /private/var/www/mrenren/Home/Runtime/Cache/2b6cd52cd0ae5b2c22ea44ba14a3bf98.php 第 731 行.
NOTIC: [8] Undefined variable: select /private/var/www/mrenren/Home/Runtime/Cache/2b6cd52cd0ae5b2c22ea44ba14a3bf98.php 第 732 行.
NOTIC: [8] Undefined variable: select /private/var/www/mrenren/Home/Runtime/Cache/2b6cd52cd0ae5b2c22ea44ba14a3bf98.php 第 733 行.
NOTIC: [8] Undefined variable: select /private/var/www/mrenren/Home/Runtime/Cache/2b6cd52cd0ae5b2c22ea44ba14a3bf98.php 第 734 行.
NOTIC: [8] Undefined variable: select /private/var/www/mrenren/Home/Runtime/Cache/2b6cd52cd0ae5b2c22ea44ba14a3bf98.php 第 735 行.
NOTIC: [8] Undefined variable: select /private/var/www/mrenren/Home/Runtime/Cache/2b6cd52cd0ae5b2c22ea44ba14a3bf98.php 第 786 行.
NOTIC: [8] Undefined variable: select /private/var/www/mrenren/Home/Runtime/Cache/2b6cd52cd0ae5b2c22ea44ba14a3bf98.php 第 787 行.
NOTIC: [8] Undefined variable: select /private/var/www/mrenren/Home/Runtime/Cache/2b6cd52cd0ae5b2c22ea44ba14a3bf98.php 第 788 行.
NOTIC: [8] Undefined variable: select /private/var/www/mrenren/Home/Runtime/Cache/2b6cd52cd0ae5b2c22ea44ba14a3bf98.php 第 789 行.
NOTIC: [8] Undefined variable: select /private/var/www/mrenren/Home/Runtime/Cache/2b6cd52cd0ae5b2c22ea44ba14a3bf98.php 第 790 行.
INFO: ParseTemplate Behavior ::run [ RunTime:0.034219s ]
INFO: [ view_parse ] --END-- [ RunTime:0.034270s ]
INFO: [ view_filter ] --START--
INFO: ContentReplace Behavior ::run [ RunTime:0.000650s ]
INFO: TokenBuild Behavior ::run [ RunTime:0.000206s ]
INFO: WriteHtmlCache Behavior ::run [ RunTime:0.000121s ]
INFO: ShowRuntime Behavior ::run [ RunTime:0.000247s ]
INFO: [ view_filter ] --END-- [ RunTime:0.001313s ]
INFO: [ view_end ] --START--
INFO: ShowPageTrace Behavior ::run [ RunTime:0.000456s ]
INFO: [ view_end ] --END-- [ RunTime:0.000498s ]

[ 2015-09-06T15:22:00+08:00 ] 127.0.0.1 /Public/js/maps/swiper.min.js.map
INFO: [ route_check ] --START--
INFO: CheckRoute Behavior ::run [ RunTime:0.000476s ]
INFO: [ route_check ] --END-- [ RunTime:0.000541s ]
INFO: [ app_begin ] --START--
INFO: ReadHtmlCache Behavior ::run [ RunTime:0.000239s ]
INFO: [ app_begin ] --END-- [ RunTime:0.000268s ]
ERR: 无法加载模块:Public

[ 2015-09-06T15:22:04+08:00 ] 127.0.0.1 /index.php?s=/Usercenter/myinfo
INFO: [ route_check ] --START--
INFO: CheckRoute Behavior ::run [ RunTime:0.000609s ]
INFO: [ route_check ] --END-- [ RunTime:0.000674s ]
INFO: [ app_begin ] --START--
INFO: ReadHtmlCache Behavior ::run [ RunTime:0.000230s ]
INFO: [ app_begin ] --END-- [ RunTime:0.000259s ]
SQL: SHOW COLUMNS FROM `stj_member` [ RunTime:0.009934s ]
SQL: SELECT * FROM `stj_member` WHERE ( id=1175 ) LIMIT 1   [ RunTime:0.000413s ]
INFO: [ view_parse ] --START--
INFO: ParseTemplate Behavior ::run [ RunTime:0.017464s ]
INFO: [ view_parse ] --END-- [ RunTime:0.017582s ]
INFO: [ view_filter ] --START--
INFO: ContentReplace Behavior ::run [ RunTime:0.000564s ]
INFO: TokenBuild Behavior ::run [ RunTime:0.000456s ]
INFO: WriteHtmlCache Behavior ::run [ RunTime:0.000191s ]
INFO: ShowRuntime Behavior ::run [ RunTime:0.000477s ]
INFO: [ view_filter ] --END-- [ RunTime:0.001871s ]
INFO: [ view_end ] --START--
INFO: ShowPageTrace Behavior ::run [ RunTime:0.000381s ]
INFO: [ view_end ] --END-- [ RunTime:0.000421s ]

[ 2015-09-06T15:26:29+08:00 ] 127.0.0.1 /
INFO: [ app_begin ] --START--
INFO: ReadHtmlCache Behavior ::run [ RunTime:0.000519s ]
INFO: [ app_begin ] --END-- [ RunTime:0.000602s ]
SQL: SHOW COLUMNS FROM `stj_job` [ RunTime:0.001598s ]
SQL: select * from stj_job where stj_job.is_show=1 and stj_job.employ>(select count(*) from stj_record where stj_record.j_id = stj_job.id and audstart=6) and checkinfo='true' and endtime>unix_timestamp(now()) and is_deleted=0 order by orderid asc, checktime desc,starttime desc limit 0,10 [ RunTime:0.001553s ]
SQL: select com.cpname,com.scale,com.id cpid from stj_company com where  com.id=88 [ RunTime:0.000265s ]
SQL: select cas.cascname from stj_casclist cas where cas.id=22 [ RunTime:0.000186s ]
SQL: select count(*) as num from stj_record where stj_record.j_id = 255 [ RunTime:0.000195s ]
SQL: SHOW COLUMNS FROM `stj_cascadedata` [ RunTime:0.001133s ]
SQL: SELECT * FROM `stj_cascadedata` WHERE ( datagroup='scale' and datavalue=4 ) LIMIT 1   [ RunTime:0.000875s ]
SQL: SELECT * FROM `stj_cascadedata` WHERE ( datagroup='education' and datavalue=3 ) LIMIT 1   [ RunTime:0.000797s ]
SQL: SHOW COLUMNS FROM `stj_casclist` [ RunTime:0.001679s ]
SQL: SELECT * FROM `stj_casclist` WHERE ( id='1100' ) LIMIT 1   [ RunTime:0.000313s ]
SQL: SELECT * FROM `stj_cascadedata` WHERE ( datagroup='treatment' and datavalue=20000 ) LIMIT 1   [ RunTime:0.001121s ]
SQL: SELECT * FROM `stj_cascadedata` WHERE ( datagroup='experience' and datavalue=2 ) LIMIT 1   [ RunTime:0.000718s ]
SQL: select com.cpname,com.scale,com.id cpid from stj_company com where  com.id=50 [ RunTime:0.000261s ]
SQL: select cas.cascname from stj_casclist cas where cas.id=22 [ RunTime:0.000187s ]
SQL: select count(*) as num from stj_record where stj_record.j_id = 189 [ RunTime:0.000171s ]
SQL: SELECT * FROM `stj_cascadedata` WHERE ( datagroup='scale' and datavalue=2 ) LIMIT 1   [ RunTime:0.000771s ]
SQL: SELECT * FROM `stj_cascadedata` WHERE ( datagroup='education' and datavalue=2 ) LIMIT 1   [ RunTime:0.001108s ]
SQL: SELECT * FROM `stj_casclist` WHERE ( id='952' ) LIMIT 1   [ RunTime:0.000161s ]
SQL: SELECT * FROM `stj_cascadedata` WHERE ( datagroup='treatment' and datavalue=8000 ) LIMIT 1   [ RunTime:0.001208s ]
SQL: SELECT * FROM `stj_cascadedata` WHERE ( datagroup='experience' and datavalue=6 ) LIMIT 1   [ RunTime:0.001224s ]
SQL: select com.cpname,com.scale,com.id cpid from stj_company com where  com.id=88 [ RunTime:0.000225s ]
SQL: select cas.cascname from stj_casclist cas where cas.id=22 [ RunTime:0.000156s ]
SQL: select count(*) as num from stj_record where stj_record.j_id = 159 [ RunTime:0.000166s ]
SQL: SELECT * FROM `stj_cascadedata` WHERE ( datagroup='scale' and datavalue=4 ) LIMIT 1   [ RunTime:0.000833s ]
SQL: SELECT * FROM `stj_cascadedata` WHERE ( datagroup='education' and datavalue=3 ) LIMIT 1   [ RunTime:0.000900s ]
SQL: SELECT * FROM `stj_casclist` WHERE ( id='1015' ) LIMIT 1   [ RunTime:0.000241s ]
SQL: SELECT * FROM `stj_cascadedata` WHERE ( datagroup='treatment' and datavalue=40000 ) LIMIT 1   [ RunTime:0.000923s ]
SQL: SELECT * FROM `stj_cascadedata` WHERE ( datagroup='experience' and datavalue=3 ) LIMIT 1   [ RunTime:0.000658s ]
SQL: select com.cpname,com.scale,com.id cpid from stj_company com where  com.id=88 [ RunTime:0.000266s ]
SQL: select cas.cascname from stj_casclist cas where cas.id=22 [ RunTime:0.000214s ]
SQL: select count(*) as num from stj_record where stj_record.j_id = 158 [ RunTime:0.000194s ]
SQL: SELECT * FROM `stj_cascadedata` WHERE ( datagroup='scale' and datavalue=4 ) LIMIT 1   [ RunTime:0.000788s ]
SQL: SELECT * FROM `stj_cascadedata` WHERE ( datagroup='education' and datavalue=3 ) LIMIT 1   [ RunTime:0.000960s ]
SQL: SELECT * FROM `stj_casclist` WHERE ( id='1014' ) LIMIT 1   [ RunTime:0.000268s ]
SQL: SELECT * FROM `stj_cascadedata` WHERE ( datagroup='treatment' and datavalue=40000 ) LIMIT 1   [ RunTime:0.000697s ]
SQL: SELECT * FROM `stj_cascadedata` WHERE ( datagroup='experience' and datavalue=3 ) LIMIT 1   [ RunTime:0.000694s ]
SQL: select com.cpname,com.scale,com.id cpid from stj_company com where  com.id=88 [ RunTime:0.000230s ]
SQL: select cas.cascname from stj_casclist cas where cas.id=22 [ RunTime:0.000186s ]
SQL: select count(*) as num from stj_record where stj_record.j_id = 157 [ RunTime:0.000205s ]
SQL: SELECT * FROM `stj_cascadedata` WHERE ( datagroup='scale' and datavalue=4 ) LIMIT 1   [ RunTime:0.000721s ]
SQL: SELECT * FROM `stj_cascadedata` WHERE ( datagroup='education' and datavalue=3 ) LIMIT 1   [ RunTime:0.000799s ]
SQL: SELECT * FROM `stj_casclist` WHERE ( id='1013' ) LIMIT 1   [ RunTime:0.000201s ]
SQL: SELECT * FROM `stj_cascadedata` WHERE ( datagroup='treatment' and datavalue=20000 ) LIMIT 1   [ RunTime:0.000841s ]
SQL: SELECT * FROM `stj_cascadedata` WHERE ( datagroup='experience' and datavalue=3 ) LIMIT 1   [ RunTime:0.000945s ]
SQL: select com.cpname,com.scale,com.id cpid from stj_company com where  com.id=50 [ RunTime:0.000263s ]
SQL: select cas.cascname from stj_casclist cas where cas.id=22 [ RunTime:0.000204s ]
SQL: select count(*) as num from stj_record where stj_record.j_id = 141 [ RunTime:0.000210s ]
SQL: SELECT * FROM `stj_cascadedata` WHERE ( datagroup='scale' and datavalue=2 ) LIMIT 1   [ RunTime:0.000641s ]
SQL: SELECT * FROM `stj_cascadedata` WHERE ( datagroup='education' and datavalue=3 ) LIMIT 1   [ RunTime:0.000626s ]
SQL: SELECT * FROM `stj_casclist` WHERE ( id='1000' ) LIMIT 1   [ RunTime:0.000156s ]
SQL: SELECT * FROM `stj_cascadedata` WHERE ( datagroup='treatment' and datavalue=15000 ) LIMIT 1   [ RunTime:0.000754s ]
SQL: SELECT * FROM `stj_cascadedata` WHERE ( datagroup='experience' and datavalue=2 ) LIMIT 1   [ RunTime:0.000725s ]
SQL: select com.cpname,com.scale,com.id cpid from stj_company com where  com.id=57 [ RunTime:0.000228s ]
SQL: select cas.cascname from stj_casclist cas where cas.id=22 [ RunTime:0.000181s ]
SQL: select count(*) as num from stj_record where stj_record.j_id = 122 [ RunTime:0.000202s ]
SQL: SELECT * FROM `stj_cascadedata` WHERE ( datagroup='scale' and datavalue=2 ) LIMIT 1   [ RunTime:0.000794s ]
SQL: SELECT * FROM `stj_cascadedata` WHERE ( datagroup='education' and datavalue=3 ) LIMIT 1   [ RunTime:0.000833s ]
SQL: SELECT * FROM `stj_casclist` WHERE ( id='731' ) LIMIT 1   [ RunTime:0.000212s ]
SQL: SELECT * FROM `stj_cascadedata` WHERE ( datagroup='treatment' and datavalue=12000 ) LIMIT 1   [ RunTime:0.000664s ]
SQL: SELECT * FROM `stj_cascadedata` WHERE ( datagroup='experience' and datavalue=2 ) LIMIT 1   [ RunTime:0.001038s ]
SQL: select com.cpname,com.scale,com.id cpid from stj_company com where  com.id=57 [ RunTime:0.000259s ]
SQL: select cas.cascname from stj_casclist cas where cas.id=22 [ RunTime:0.000240s ]
SQL: select count(*) as num from stj_record where stj_record.j_id = 113 [ RunTime:0.000227s ]
SQL: SELECT * FROM `stj_cascadedata` WHERE ( datagroup='scale' and datavalue=2 ) LIMIT 1   [ RunTime:0.000813s ]
SQL: SELECT * FROM `stj_cascadedata` WHERE ( datagroup='education' and datavalue=3 ) LIMIT 1   [ RunTime:0.000811s ]
SQL: SELECT * FROM `stj_casclist` WHERE ( id='951' ) LIMIT 1   [ RunTime:0.000259s ]
SQL: SELECT * FROM `stj_cascadedata` WHERE ( datagroup='treatment' and datavalue=15000 ) LIMIT 1   [ RunTime:0.001050s ]
SQL: SELECT * FROM `stj_cascadedata` WHERE ( datagroup='experience' and datavalue=2 ) LIMIT 1   [ RunTime:0.000643s ]
SQL: select com.cpname,com.scale,com.id cpid from stj_company com where  com.id=100 [ RunTime:0.000201s ]
SQL: select cas.cascname from stj_casclist cas where cas.id=22 [ RunTime:0.000172s ]
SQL: select count(*) as num from stj_record where stj_record.j_id = 106 [ RunTime:0.000242s ]
SQL: SELECT * FROM `stj_cascadedata` WHERE ( datagroup='scale' and datavalue=3 ) LIMIT 1   [ RunTime:0.000769s ]
SQL: SELECT * FROM `stj_cascadedata` WHERE ( datagroup='education' and datavalue=0 ) LIMIT 1   [ RunTime:0.000662s ]
SQL: SELECT * FROM `stj_casclist` WHERE ( id='734' ) LIMIT 1   [ RunTime:0.000150s ]
SQL: SELECT * FROM `stj_cascadedata` WHERE ( datagroup='treatment' and datavalue=5000 ) LIMIT 1   [ RunTime:0.000640s ]
SQL: SELECT * FROM `stj_cascadedata` WHERE ( datagroup='experience' and datavalue=6 ) LIMIT 1   [ RunTime:0.000776s ]
SQL: select com.cpname,com.scale,com.id cpid from stj_company com where  com.id=50 [ RunTime:0.000287s ]
SQL: select cas.cascname from stj_casclist cas where cas.id=22 [ RunTime:0.000222s ]
SQL: select count(*) as num from stj_record where stj_record.j_id = 93 [ RunTime:0.000248s ]
SQL: SELECT * FROM `stj_cascadedata` WHERE ( datagroup='scale' and datavalue=2 ) LIMIT 1   [ RunTime:0.000993s ]
SQL: SELECT * FROM `stj_cascadedata` WHERE ( datagroup='education' and datavalue=3 ) LIMIT 1   [ RunTime:0.000907s ]
SQL: SELECT * FROM `stj_casclist` WHERE ( id='766' ) LIMIT 1   [ RunTime:0.000215s ]
SQL: SELECT * FROM `stj_cascadedata` WHERE ( datagroup='treatment' and datavalue=12000 ) LIMIT 1   [ RunTime:0.000858s ]
SQL: SELECT * FROM `stj_cascadedata` WHERE ( datagroup='experience' and datavalue=6 ) LIMIT 1   [ RunTime:0.000907s ]
SQL: SHOW COLUMNS FROM `stj_member` [ RunTime:0.001636s ]
SQL: SELECT * FROM `stj_member` WHERE ( id='1175' ) LIMIT 1   [ RunTime:0.000342s ]
SQL: SHOW COLUMNS FROM `stj_resume` [ RunTime:0.001630s ]
SQL: SELECT COUNT(*) AS tp_count FROM `stj_resume` WHERE ( t_id=1175 and isshow=1 ) LIMIT 1   [ RunTime:0.000646s ]
SQL: SHOW COLUMNS FROM `stj_record` [ RunTime:0.001122s ]
SQL: SELECT * FROM `stj_record` WHERE ( t_id=1175 )  [ RunTime:0.000338s ]
SQL: SHOW COLUMNS FROM `stj_account` [ RunTime:0.000931s ]
SQL: SELECT `account` FROM `stj_account` WHERE ( uid=1175 ) LIMIT 1   [ RunTime:0.000275s ]
NOTIC: [8] Undefined index: checkinfo /private/var/www/mrenren/Home/Lib/Action/IndexAction.class.php 第 151 行.
NOTIC: [8] Undefined index: checkinfo /private/var/www/mrenren/Home/Lib/Action/IndexAction.class.php 第 151 行.
NOTIC: [8] Undefined index: checkinfo /private/var/www/mrenren/Home/Lib/Action/IndexAction.class.php 第 151 行.
NOTIC: [8] Undefined index: checkinfo /private/var/www/mrenren/Home/Lib/Action/IndexAction.class.php 第 151 行.
NOTIC: [8] Undefined index: checkinfo /private/var/www/mrenren/Home/Lib/Action/IndexAction.class.php 第 151 行.
NOTIC: [8] Undefined index: HTTP_REFERER /private/var/www/mrenren/Home/Lib/Action/IndexAction.class.php 第 164 行.
NOTIC: [8] Undefined index: HTTP_REFERER /private/var/www/mrenren/Home/Lib/Action/IndexAction.class.php 第 164 行.
INFO: [ view_parse ] --START--
NOTIC: [8] Undefined variable: arInventedData /private/var/www/mrenren/Home/Runtime/Cache/2b6cd52cd0ae5b2c22ea44ba14a3bf98.php 第 24 行.
NOTIC: [2] Invalid argument supplied for foreach() /private/var/www/mrenren/Home/Runtime/Cache/2b6cd52cd0ae5b2c22ea44ba14a3bf98.php 第 24 行.
NOTIC: [8] Undefined variable: select /private/var/www/mrenren/Home/Runtime/Cache/2b6cd52cd0ae5b2c22ea44ba14a3bf98.php 第 279 行.
NOTIC: [8] Undefined variable: select /private/var/www/mrenren/Home/Runtime/Cache/2b6cd52cd0ae5b2c22ea44ba14a3bf98.php 第 280 行.
NOTIC: [8] Undefined variable: select /private/var/www/mrenren/Home/Runtime/Cache/2b6cd52cd0ae5b2c22ea44ba14a3bf98.php 第 281 行.
NOTIC: [8] Undefined variable: select /private/var/www/mrenren/Home/Runtime/Cache/2b6cd52cd0ae5b2c22ea44ba14a3bf98.php 第 282 行.
NOTIC: [8] Undefined variable: select /private/var/www/mrenren/Home/Runtime/Cache/2b6cd52cd0ae5b2c22ea44ba14a3bf98.php 第 283 行.
NOTIC: [8] Undefined variable: select /private/var/www/mrenren/Home/Runtime/Cache/2b6cd52cd0ae5b2c22ea44ba14a3bf98.php 第 367 行.
NOTIC: [8] Undefined variable: select /private/var/www/mrenren/Home/Runtime/Cache/2b6cd52cd0ae5b2c22ea44ba14a3bf98.php 第 368 行.
NOTIC: [8] Undefined variable: select /private/var/www/mrenren/Home/Runtime/Cache/2b6cd52cd0ae5b2c22ea44ba14a3bf98.php 第 369 行.
NOTIC: [8] Undefined variable: select /private/var/www/mrenren/Home/Runtime/Cache/2b6cd52cd0ae5b2c22ea44ba14a3bf98.php 第 370 行.
NOTIC: [8] Undefined variable: select /private/var/www/mrenren/Home/Runtime/Cache/2b6cd52cd0ae5b2c22ea44ba14a3bf98.php 第 371 行.
NOTIC: [8] Undefined variable: select /private/var/www/mrenren/Home/Runtime/Cache/2b6cd52cd0ae5b2c22ea44ba14a3bf98.php 第 503 行.
NOTIC: [8] Undefined variable: select /private/var/www/mrenren/Home/Runtime/Cache/2b6cd52cd0ae5b2c22ea44ba14a3bf98.php 第 504 行.
NOTIC: [8] Undefined variable: select /private/var/www/mrenren/Home/Runtime/Cache/2b6cd52cd0ae5b2c22ea44ba14a3bf98.php 第 505 行.
NOTIC: [8] Undefined variable: select /private/var/www/mrenren/Home/Runtime/Cache/2b6cd52cd0ae5b2c22ea44ba14a3bf98.php 第 506 行.
NOTIC: [8] Undefined variable: select /private/var/www/mrenren/Home/Runtime/Cache/2b6cd52cd0ae5b2c22ea44ba14a3bf98.php 第 507 行.
NOTIC: [8] Undefined variable: select /private/var/www/mrenren/Home/Runtime/Cache/2b6cd52cd0ae5b2c22ea44ba14a3bf98.php 第 584 行.
NOTIC: [8] Undefined variable: select /private/var/www/mrenren/Home/Runtime/Cache/2b6cd52cd0ae5b2c22ea44ba14a3bf98.php 第 585 行.
NOTIC: [8] Undefined variable: select /private/var/www/mrenren/Home/Runtime/Cache/2b6cd52cd0ae5b2c22ea44ba14a3bf98.php 第 586 行.
NOTIC: [8] Undefined variable: select /private/var/www/mrenren/Home/Runtime/Cache/2b6cd52cd0ae5b2c22ea44ba14a3bf98.php 第 587 行.
NOTIC: [8] Undefined variable: select /private/var/www/mrenren/Home/Runtime/Cache/2b6cd52cd0ae5b2c22ea44ba14a3bf98.php 第 588 行.
NOTIC: [8] Undefined variable: select /private/var/www/mrenren/Home/Runtime/Cache/2b6cd52cd0ae5b2c22ea44ba14a3bf98.php 第 731 行.
NOTIC: [8] Undefined variable: select /private/var/www/mrenren/Home/Runtime/Cache/2b6cd52cd0ae5b2c22ea44ba14a3bf98.php 第 732 行.
NOTIC: [8] Undefined variable: select /private/var/www/mrenren/Home/Runtime/Cache/2b6cd52cd0ae5b2c22ea44ba14a3bf98.php 第 733 行.
NOTIC: [8] Undefined variable: select /private/var/www/mrenren/Home/Runtime/Cache/2b6cd52cd0ae5b2c22ea44ba14a3bf98.php 第 734 行.
NOTIC: [8] Undefined variable: select /private/var/www/mrenren/Home/Runtime/Cache/2b6cd52cd0ae5b2c22ea44ba14a3bf98.php 第 735 行.
NOTIC: [8] Undefined variable: select /private/var/www/mrenren/Home/Runtime/Cache/2b6cd52cd0ae5b2c22ea44ba14a3bf98.php 第 786 行.
NOTIC: [8] Undefined variable: select /private/var/www/mrenren/Home/Runtime/Cache/2b6cd52cd0ae5b2c22ea44ba14a3bf98.php 第 787 行.
NOTIC: [8] Undefined variable: select /private/var/www/mrenren/Home/Runtime/Cache/2b6cd52cd0ae5b2c22ea44ba14a3bf98.php 第 788 行.
NOTIC: [8] Undefined variable: select /private/var/www/mrenren/Home/Runtime/Cache/2b6cd52cd0ae5b2c22ea44ba14a3bf98.php 第 789 行.
NOTIC: [8] Undefined variable: select /private/var/www/mrenren/Home/Runtime/Cache/2b6cd52cd0ae5b2c22ea44ba14a3bf98.php 第 790 行.
NOTIC: [8] Undefined variable: isshow /private/var/www/mrenren/Home/Runtime/Cache/2b6cd52cd0ae5b2c22ea44ba14a3bf98.php 第 830 行.
INFO: ParseTemplate Behavior ::run [ RunTime:0.030998s ]
INFO: [ view_parse ] --END-- [ RunTime:0.031038s ]
INFO: [ view_filter ] --START--
INFO: ContentReplace Behavior ::run [ RunTime:0.000313s ]
INFO: TokenBuild Behavior ::run [ RunTime:0.000157s ]
INFO: WriteHtmlCache Behavior ::run [ RunTime:0.000088s ]
INFO: ShowRuntime Behavior ::run [ RunTime:0.000207s ]
INFO: [ view_filter ] --END-- [ RunTime:0.000831s ]
INFO: [ view_end ] --START--
INFO: ShowPageTrace Behavior ::run [ RunTime:0.000270s ]
INFO: [ view_end ] --END-- [ RunTime:0.000296s ]

[ 2015-09-06T15:26:29+08:00 ] 127.0.0.1 /Public/js/maps/swiper.min.js.map
INFO: [ route_check ] --START--
INFO: CheckRoute Behavior ::run [ RunTime:0.000551s ]
INFO: [ route_check ] --END-- [ RunTime:0.000605s ]
INFO: [ app_begin ] --START--
INFO: ReadHtmlCache Behavior ::run [ RunTime:0.000222s ]
INFO: [ app_begin ] --END-- [ RunTime:0.000251s ]
ERR: 无法加载模块:Public

[ 2015-09-06T15:26:34+08:00 ] 127.0.0.1 /index.php?s=/Usercenter/myinfo
INFO: [ route_check ] --START--
INFO: CheckRoute Behavior ::run [ RunTime:0.000376s ]
INFO: [ route_check ] --END-- [ RunTime:0.000441s ]
INFO: [ app_begin ] --START--
INFO: ReadHtmlCache Behavior ::run [ RunTime:0.000394s ]
INFO: [ app_begin ] --END-- [ RunTime:0.000434s ]
SQL: SHOW COLUMNS FROM `stj_member` [ RunTime:0.009842s ]
SQL: SELECT * FROM `stj_member` WHERE ( id=1175 ) LIMIT 1   [ RunTime:0.001409s ]
INFO: [ view_parse ] --START--
INFO: ParseTemplate Behavior ::run [ RunTime:0.015643s ]
INFO: [ view_parse ] --END-- [ RunTime:0.015718s ]
INFO: [ view_filter ] --START--
INFO: ContentReplace Behavior ::run [ RunTime:0.000298s ]
INFO: TokenBuild Behavior ::run [ RunTime:0.000156s ]
INFO: WriteHtmlCache Behavior ::run [ RunTime:0.000090s ]
INFO: ShowRuntime Behavior ::run [ RunTime:0.000164s ]
INFO: [ view_filter ] --END-- [ RunTime:0.000780s ]
INFO: [ view_end ] --START--
INFO: ShowPageTrace Behavior ::run [ RunTime:0.000375s ]
INFO: [ view_end ] --END-- [ RunTime:0.000403s ]

[ 2015-09-06T15:27:53+08:00 ] 127.0.0.1 /index.php?s=/Usercenter/myinfo
INFO: [ route_check ] --START--
INFO: CheckRoute Behavior ::run [ RunTime:0.000720s ]
INFO: [ route_check ] --END-- [ RunTime:0.000836s ]
INFO: [ app_begin ] --START--
INFO: ReadHtmlCache Behavior ::run [ RunTime:0.000399s ]
INFO: [ app_begin ] --END-- [ RunTime:0.000446s ]
SQL: SHOW COLUMNS FROM `stj_member` [ RunTime:0.010230s ]
SQL: SELECT * FROM `stj_member` WHERE ( id=1175 ) LIMIT 1   [ RunTime:0.000598s ]
INFO: [ view_parse ] --START--
INFO: ParseTemplate Behavior ::run [ RunTime:0.015393s ]
INFO: [ view_parse ] --END-- [ RunTime:0.015489s ]
INFO: [ view_filter ] --START--
INFO: ContentReplace Behavior ::run [ RunTime:0.000451s ]
INFO: TokenBuild Behavior ::run [ RunTime:0.000317s ]
INFO: WriteHtmlCache Behavior ::run [ RunTime:0.000184s ]
INFO: ShowRuntime Behavior ::run [ RunTime:0.000350s ]
INFO: [ view_filter ] --END-- [ RunTime:0.001447s ]
INFO: [ view_end ] --START--
INFO: ShowPageTrace Behavior ::run [ RunTime:0.000392s ]
INFO: [ view_end ] --END-- [ RunTime:0.000441s ]

[ 2015-09-06T15:30:27+08:00 ] 127.0.0.1 /index.php?s=/Usercenter/myinfo
INFO: [ route_check ] --START--
INFO: CheckRoute Behavior ::run [ RunTime:0.000653s ]
INFO: [ route_check ] --END-- [ RunTime:0.000715s ]
INFO: [ app_begin ] --START--
INFO: ReadHtmlCache Behavior ::run [ RunTime:0.000561s ]
INFO: [ app_begin ] --END-- [ RunTime:0.000635s ]
SQL: SHOW COLUMNS FROM `stj_member` [ RunTime:0.001567s ]
SQL: SELECT * FROM `stj_member` WHERE ( id=1175 ) LIMIT 1   [ RunTime:0.000425s ]
INFO: [ view_parse ] --START--
INFO: ParseTemplate Behavior ::run [ RunTime:0.017574s ]
INFO: [ view_parse ] --END-- [ RunTime:0.017691s ]
INFO: [ view_filter ] --START--
INFO: ContentReplace Behavior ::run [ RunTime:0.000510s ]
INFO: TokenBuild Behavior ::run [ RunTime:0.000369s ]
INFO: WriteHtmlCache Behavior ::run [ RunTime:0.000125s ]
INFO: ShowRuntime Behavior ::run [ RunTime:0.000165s ]
INFO: [ view_filter ] --END-- [ RunTime:0.001300s ]
INFO: [ view_end ] --START--
INFO: ShowPageTrace Behavior ::run [ RunTime:0.000269s ]
INFO: [ view_end ] --END-- [ RunTime:0.000297s ]

[ 2015-09-06T15:30:29+08:00 ] 127.0.0.1 /index.php?s=/Usercenter/myinfo
INFO: [ route_check ] --START--
INFO: CheckRoute Behavior ::run [ RunTime:0.000332s ]
INFO: [ route_check ] --END-- [ RunTime:0.000384s ]
INFO: [ app_begin ] --START--
INFO: ReadHtmlCache Behavior ::run [ RunTime:0.000212s ]
INFO: [ app_begin ] --END-- [ RunTime:0.000238s ]
SQL: SHOW COLUMNS FROM `stj_member` [ RunTime:0.010323s ]
SQL: SELECT * FROM `stj_member` WHERE ( id=1175 ) LIMIT 1   [ RunTime:0.000793s ]
INFO: [ view_parse ] --START--
INFO: ParseTemplate Behavior ::run [ RunTime:0.015535s ]
INFO: [ view_parse ] --END-- [ RunTime:0.015604s ]
INFO: [ view_filter ] --START--
INFO: ContentReplace Behavior ::run [ RunTime:0.000367s ]
INFO: TokenBuild Behavior ::run [ RunTime:0.000353s ]
INFO: WriteHtmlCache Behavior ::run [ RunTime:0.000174s ]
INFO: ShowRuntime Behavior ::run [ RunTime:0.000227s ]
INFO: [ view_filter ] --END-- [ RunTime:0.001276s ]
INFO: [ view_end ] --START--
INFO: ShowPageTrace Behavior ::run [ RunTime:0.000395s ]
INFO: [ view_end ] --END-- [ RunTime:0.000442s ]

[ 2015-09-06T15:33:13+08:00 ] 127.0.0.1 /index.php?s=/Usercenter/myinfo
INFO: [ route_check ] --START--
INFO: CheckRoute Behavior ::run [ RunTime:0.000657s ]
INFO: [ route_check ] --END-- [ RunTime:0.000731s ]
INFO: [ app_begin ] --START--
INFO: ReadHtmlCache Behavior ::run [ RunTime:0.000256s ]
INFO: [ app_begin ] --END-- [ RunTime:0.000286s ]
SQL: SHOW COLUMNS FROM `stj_member` [ RunTime:0.010705s ]
SQL: SELECT * FROM `stj_member` WHERE ( id=1175 ) LIMIT 1   [ RunTime:0.000691s ]
INFO: [ view_parse ] --START--
INFO: ParseTemplate Behavior ::run [ RunTime:0.017264s ]
INFO: [ view_parse ] --END-- [ RunTime:0.017342s ]
INFO: [ view_filter ] --START--
INFO: ContentReplace Behavior ::run [ RunTime:0.000324s ]
INFO: TokenBuild Behavior ::run [ RunTime:0.000267s ]
INFO: WriteHtmlCache Behavior ::run [ RunTime:0.000190s ]
INFO: ShowRuntime Behavior ::run [ RunTime:0.000229s ]
INFO: [ view_filter ] --END-- [ RunTime:0.001127s ]
INFO: [ view_end ] --START--
INFO: ShowPageTrace Behavior ::run [ RunTime:0.000310s ]
INFO: [ view_end ] --END-- [ RunTime:0.000341s ]

[ 2015-09-06T15:33:35+08:00 ] 127.0.0.1 /index.php?s=/Usercenter/myinfo
INFO: [ route_check ] --START--
INFO: CheckRoute Behavior ::run [ RunTime:0.000611s ]
INFO: [ route_check ] --END-- [ RunTime:0.000687s ]
INFO: [ app_begin ] --START--
INFO: ReadHtmlCache Behavior ::run [ RunTime:0.000373s ]
INFO: [ app_begin ] --END-- [ RunTime:0.000414s ]
SQL: SHOW COLUMNS FROM `stj_member` [ RunTime:0.010286s ]
SQL: SELECT * FROM `stj_member` WHERE ( id=1175 ) LIMIT 1   [ RunTime:0.000577s ]
INFO: [ view_parse ] --START--
INFO: ParseTemplate Behavior ::run [ RunTime:0.014488s ]
INFO: [ view_parse ] --END-- [ RunTime:0.014556s ]
INFO: [ view_filter ] --START--
INFO: ContentReplace Behavior ::run [ RunTime:0.000318s ]
INFO: TokenBuild Behavior ::run [ RunTime:0.000257s ]
INFO: WriteHtmlCache Behavior ::run [ RunTime:0.000168s ]
INFO: ShowRuntime Behavior ::run [ RunTime:0.000299s ]
INFO: [ view_filter ] --END-- [ RunTime:0.001164s ]
INFO: [ view_end ] --START--
INFO: ShowPageTrace Behavior ::run [ RunTime:0.000439s ]
INFO: [ view_end ] --END-- [ RunTime:0.000486s ]

[ 2015-09-06T15:34:02+08:00 ] 127.0.0.1 /index.php?s=/Usercenter/myinfo
INFO: [ route_check ] --START--
INFO: CheckRoute Behavior ::run [ RunTime:0.000366s ]
INFO: [ route_check ] --END-- [ RunTime:0.000417s ]
INFO: [ app_begin ] --START--
INFO: ReadHtmlCache Behavior ::run [ RunTime:0.000247s ]
INFO: [ app_begin ] --END-- [ RunTime:0.000272s ]
SQL: SHOW COLUMNS FROM `stj_member` [ RunTime:0.010692s ]
SQL: SELECT * FROM `stj_member` WHERE ( id=1175 ) LIMIT 1   [ RunTime:0.000529s ]
INFO: [ view_parse ] --START--
INFO: ParseTemplate Behavior ::run [ RunTime:0.015928s ]
INFO: [ view_parse ] --END-- [ RunTime:0.016005s ]
INFO: [ view_filter ] --START--
INFO: ContentReplace Behavior ::run [ RunTime:0.000317s ]
INFO: TokenBuild Behavior ::run [ RunTime:0.000261s ]
INFO: WriteHtmlCache Behavior ::run [ RunTime:0.000186s ]
INFO: ShowRuntime Behavior ::run [ RunTime:0.000300s ]
INFO: [ view_filter ] --END-- [ RunTime:0.001189s ]
INFO: [ view_end ] --START--
INFO: ShowPageTrace Behavior ::run [ RunTime:0.000539s ]
INFO: [ view_end ] --END-- [ RunTime:0.000597s ]

[ 2015-09-06T15:34:09+08:00 ] 127.0.0.1 /index.php?s=/Usercenter/myinfo_save
INFO: [ route_check ] --START--
INFO: CheckRoute Behavior ::run [ RunTime:0.000448s ]
INFO: [ route_check ] --END-- [ RunTime:0.000508s ]
INFO: [ app_begin ] --START--
INFO: ReadHtmlCache Behavior ::run [ RunTime:0.000246s ]
INFO: [ app_begin ] --END-- [ RunTime:0.000272s ]
SQL: SHOW COLUMNS FROM `stj_member` [ RunTime:0.001676s ]
SQL: UPDATE `stj_member` SET `cnname`='sunyue',`sex`=0,`age`=24,`weixin`='',`qqnum`='' WHERE ( `id` = 1175 ) [ RunTime:0.000250s ]

[ 2015-09-06T15:34:11+08:00 ] 127.0.0.1 /index.php?s=/Usercenter/myinfo
INFO: [ route_check ] --START--
INFO: CheckRoute Behavior ::run [ RunTime:0.000391s ]
INFO: [ route_check ] --END-- [ RunTime:0.000445s ]
INFO: [ app_begin ] --START--
INFO: ReadHtmlCache Behavior ::run [ RunTime:0.000369s ]
INFO: [ app_begin ] --END-- [ RunTime:0.000419s ]
SQL: SHOW COLUMNS FROM `stj_member` [ RunTime:0.010422s ]
SQL: SELECT * FROM `stj_member` WHERE ( id=1175 ) LIMIT 1   [ RunTime:0.000622s ]
INFO: [ view_parse ] --START--
INFO: ParseTemplate Behavior ::run [ RunTime:0.014816s ]
INFO: [ view_parse ] --END-- [ RunTime:0.014894s ]
INFO: [ view_filter ] --START--
INFO: ContentReplace Behavior ::run [ RunTime:0.000332s ]
INFO: TokenBuild Behavior ::run [ RunTime:0.000523s ]
INFO: WriteHtmlCache Behavior ::run [ RunTime:0.000295s ]
INFO: ShowRuntime Behavior ::run [ RunTime:0.000337s ]
INFO: [ view_filter ] --END-- [ RunTime:0.001668s ]
INFO: [ view_end ] --START--
INFO: ShowPageTrace Behavior ::run [ RunTime:0.000524s ]
INFO: [ view_end ] --END-- [ RunTime:0.000587s ]

[ 2015-09-06T15:34:19+08:00 ] 127.0.0.1 /index.php?s=/Usercenter/myinfo_save
INFO: [ route_check ] --START--
INFO: CheckRoute Behavior ::run [ RunTime:0.000351s ]
INFO: [ route_check ] --END-- [ RunTime:0.000439s ]
INFO: [ app_begin ] --START--
INFO: ReadHtmlCache Behavior ::run [ RunTime:0.000207s ]
INFO: [ app_begin ] --END-- [ RunTime:0.000233s ]
SQL: SHOW COLUMNS FROM `stj_member` [ RunTime:0.001855s ]
SQL: UPDATE `stj_member` SET `cnname`='sunyue',`sex`=0,`age`=24,`weixin`='2222222',`qqnum`='2222222' WHERE ( `id` = 1175 ) [ RunTime:0.000331s ]

[ 2015-09-06T15:34:20+08:00 ] 127.0.0.1 /index.php?s=/Usercenter/myinfo
INFO: [ route_check ] --START--
INFO: CheckRoute Behavior ::run [ RunTime:0.000346s ]
INFO: [ route_check ] --END-- [ RunTime:0.000391s ]
INFO: [ app_begin ] --START--
INFO: ReadHtmlCache Behavior ::run [ RunTime:0.000194s ]
INFO: [ app_begin ] --END-- [ RunTime:0.000218s ]
SQL: SHOW COLUMNS FROM `stj_member` [ RunTime:0.010393s ]
SQL: SELECT * FROM `stj_member` WHERE ( id=1175 ) LIMIT 1   [ RunTime:0.000388s ]
INFO: [ view_parse ] --START--
INFO: ParseTemplate Behavior ::run [ RunTime:0.017723s ]
INFO: [ view_parse ] --END-- [ RunTime:0.017797s ]
INFO: [ view_filter ] --START--
INFO: ContentReplace Behavior ::run [ RunTime:0.000373s ]
INFO: TokenBuild Behavior ::run [ RunTime:0.000311s ]
INFO: WriteHtmlCache Behavior ::run [ RunTime:0.000167s ]
INFO: ShowRuntime Behavior ::run [ RunTime:0.000330s ]
INFO: [ view_filter ] --END-- [ RunTime:0.001309s ]
INFO: [ view_end ] --START--
INFO: ShowPageTrace Behavior ::run [ RunTime:0.000581s ]
INFO: [ view_end ] --END-- [ RunTime:0.000630s ]

[ 2015-09-06T15:34:21+08:00 ] 127.0.0.1 /index.php?s=/Usercenter/myinfo
INFO: [ route_check ] --START--
INFO: CheckRoute Behavior ::run [ RunTime:0.000612s ]
INFO: [ route_check ] --END-- [ RunTime:0.000689s ]
INFO: [ app_begin ] --START--
INFO: ReadHtmlCache Behavior ::run [ RunTime:0.000361s ]
INFO: [ app_begin ] --END-- [ RunTime:0.000393s ]
SQL: SHOW COLUMNS FROM `stj_member` [ RunTime:0.010233s ]
SQL: SELECT * FROM `stj_member` WHERE ( id=1175 ) LIMIT 1   [ RunTime:0.000592s ]
INFO: [ view_parse ] --START--
INFO: ParseTemplate Behavior ::run [ RunTime:0.015514s ]
INFO: [ view_parse ] --END-- [ RunTime:0.015657s ]
INFO: [ view_filter ] --START--
INFO: ContentReplace Behavior ::run [ RunTime:0.000415s ]
INFO: TokenBuild Behavior ::run [ RunTime:0.000263s ]
INFO: WriteHtmlCache Behavior ::run [ RunTime:0.000161s ]
INFO: ShowRuntime Behavior ::run [ RunTime:0.000300s ]
INFO: [ view_filter ] --END-- [ RunTime:0.001282s ]
INFO: [ view_end ] --START--
INFO: ShowPageTrace Behavior ::run [ RunTime:0.000568s ]
INFO: [ view_end ] --END-- [ RunTime:0.000642s ]

[ 2015-09-06T15:36:39+08:00 ] 127.0.0.1 /index.php?s=/Usercenter/myinfo
INFO: [ route_check ] --START--
INFO: CheckRoute Behavior ::run [ RunTime:0.000507s ]
INFO: [ route_check ] --END-- [ RunTime:0.000571s ]
INFO: [ app_begin ] --START--
INFO: ReadHtmlCache Behavior ::run [ RunTime:0.000260s ]
INFO: [ app_begin ] --END-- [ RunTime:0.000294s ]
SQL: SHOW COLUMNS FROM `stj_member` [ RunTime:0.010154s ]
SQL: SELECT * FROM `stj_member` WHERE ( id=1175 ) LIMIT 1   [ RunTime:0.000648s ]
INFO: [ view_parse ] --START--
INFO: ParseTemplate Behavior ::run [ RunTime:0.016937s ]
INFO: [ view_parse ] --END-- [ RunTime:0.016996s ]
INFO: [ view_filter ] --START--
INFO: ContentReplace Behavior ::run [ RunTime:0.000236s ]
INFO: TokenBuild Behavior ::run [ RunTime:0.000185s ]
INFO: WriteHtmlCache Behavior ::run [ RunTime:0.000118s ]
INFO: ShowRuntime Behavior ::run [ RunTime:0.000226s ]
INFO: [ view_filter ] --END-- [ RunTime:0.000851s ]
INFO: [ view_end ] --START--
INFO: ShowPageTrace Behavior ::run [ RunTime:0.000439s ]
INFO: [ view_end ] --END-- [ RunTime:0.000481s ]

[ 2015-09-06T15:36:40+08:00 ] 127.0.0.1 /index.php?s=/Usercenter/myinfo
INFO: [ route_check ] --START--
INFO: CheckRoute Behavior ::run [ RunTime:0.000394s ]
INFO: [ route_check ] --END-- [ RunTime:0.000441s ]
INFO: [ app_begin ] --START--
INFO: ReadHtmlCache Behavior ::run [ RunTime:0.000228s ]
INFO: [ app_begin ] --END-- [ RunTime:0.000258s ]
SQL: SHOW COLUMNS FROM `stj_member` [ RunTime:0.001712s ]
SQL: SELECT * FROM `stj_member` WHERE ( id=1175 ) LIMIT 1   [ RunTime:0.000413s ]
INFO: [ view_parse ] --START--
INFO: ParseTemplate Behavior ::run [ RunTime:0.015539s ]
INFO: [ view_parse ] --END-- [ RunTime:0.015606s ]
INFO: [ view_filter ] --START--
INFO: ContentReplace Behavior ::run [ RunTime:0.000232s ]
INFO: TokenBuild Behavior ::run [ RunTime:0.000193s ]
INFO: WriteHtmlCache Behavior ::run [ RunTime:0.000114s ]
INFO: ShowRuntime Behavior ::run [ RunTime:0.000211s ]
INFO: [ view_filter ] --END-- [ RunTime:0.000858s ]
INFO: [ view_end ] --START--
INFO: ShowPageTrace Behavior ::run [ RunTime:0.000268s ]
INFO: [ view_end ] --END-- [ RunTime:0.000295s ]

[ 2015-09-06T15:36:43+08:00 ] 127.0.0.1 /index.php?s=/Usercenter/myinfo
INFO: [ route_check ] --START--
INFO: CheckRoute Behavior ::run [ RunTime:0.000376s ]
INFO: [ route_check ] --END-- [ RunTime:0.000420s ]
INFO: [ app_begin ] --START--
INFO: ReadHtmlCache Behavior ::run [ RunTime:0.000211s ]
INFO: [ app_begin ] --END-- [ RunTime:0.000236s ]
SQL: SHOW COLUMNS FROM `stj_member` [ RunTime:0.009610s ]
SQL: SELECT * FROM `stj_member` WHERE ( id=1175 ) LIMIT 1   [ RunTime:0.000397s ]
INFO: [ view_parse ] --START--
INFO: ParseTemplate Behavior ::run [ RunTime:0.019440s ]
INFO: [ view_parse ] --END-- [ RunTime:0.019512s ]
INFO: [ view_filter ] --START--
INFO: ContentReplace Behavior ::run [ RunTime:0.000323s ]
INFO: TokenBuild Behavior ::run [ RunTime:0.000261s ]
INFO: WriteHtmlCache Behavior ::run [ RunTime:0.000204s ]
INFO: ShowRuntime Behavior ::run [ RunTime:0.000389s ]
INFO: [ view_filter ] --END-- [ RunTime:0.001321s ]
INFO: [ view_end ] --START--
INFO: ShowPageTrace Behavior ::run [ RunTime:0.000838s ]
INFO: [ view_end ] --END-- [ RunTime:0.000917s ]

