[ 2015-08-12T21:05:59+08:00 ] 127.0.0.1 /
INFO: [ app_begin ] --START--
INFO: ReadHtmlCache Behavior ::run [ RunTime:0.001165s ]
INFO: [ app_begin ] --END-- [ RunTime:0.001252s ]
SQL: SHOW COLUMNS FROM `stj_job` [ RunTime:0.001747s ]
SQL: select * from stj_job where stj_job.is_show=1 and stj_job.employ>(select count(*) from stj_record where stj_record.j_id = stj_job.id and audstart=6) and checkinfo='true' and endtime>unix_timestamp(now()) and is_deleted=0 order by orderid asc, checktime desc,starttime desc limit 0,10 [ RunTime:0.001448s ]
SQL: select com.cpname,com.scale,com.id cpid from stj_company com where  com.id=225 [ RunTime:0.000239s ]
SQL: select cas.cascname from stj_casclist cas where cas.id=22 [ RunTime:0.000184s ]
SQL: select count(*) as num from stj_record where stj_record.j_id = 770 [ RunTime:0.000178s ]
SQL: SHOW COLUMNS FROM `stj_cascadedata` [ RunTime:0.000962s ]
SQL: SELECT * FROM `stj_cascadedata` WHERE ( datagroup='scale' and datavalue=1 ) LIMIT 1   [ RunTime:0.000858s ]
SQL: SELECT * FROM `stj_cascadedata` WHERE ( datagroup='education' and datavalue=2 ) LIMIT 1   [ RunTime:0.000760s ]
SQL: SELECT * FROM `stj_cascadedata` WHERE ( datagroup='treatment' and datavalue=12000 ) LIMIT 1   [ RunTime:0.000666s ]
SQL: SELECT * FROM `stj_cascadedata` WHERE ( datagroup='experience' and datavalue=1 ) LIMIT 1   [ RunTime:0.000907s ]
SQL: select com.cpname,com.scale,com.id cpid from stj_company com where  com.id=225 [ RunTime:0.000230s ]
SQL: select cas.cascname from stj_casclist cas where cas.id=22 [ RunTime:0.000209s ]
SQL: select count(*) as num from stj_record where stj_record.j_id = 780 [ RunTime:0.000215s ]
SQL: SELECT * FROM `stj_cascadedata` WHERE ( datagroup='scale' and datavalue=1 ) LIMIT 1   [ RunTime:0.000752s ]
SQL: SELECT * FROM `stj_cascadedata` WHERE ( datagroup='education' and datavalue=2 ) LIMIT 1   [ RunTime:0.000767s ]
SQL: SELECT * FROM `stj_cascadedata` WHERE ( datagroup='treatment' and datavalue=8000 ) LIMIT 1   [ RunTime:0.000745s ]
SQL: SELECT * FROM `stj_cascadedata` WHERE ( datagroup='experience' and datavalue=2 ) LIMIT 1   [ RunTime:0.000778s ]
SQL: select com.cpname,com.scale,com.id cpid from stj_company com where  com.id=219 [ RunTime:0.000244s ]
SQL: select cas.cascname from stj_casclist cas where cas.id=22 [ RunTime:0.000195s ]
SQL: select count(*) as num from stj_record where stj_record.j_id = 334 [ RunTime:0.000265s ]
SQL: SELECT * FROM `stj_cascadedata` WHERE ( datagroup='scale' and datavalue=2 ) LIMIT 1   [ RunTime:0.000845s ]
SQL: SELECT * FROM `stj_cascadedata` WHERE ( datagroup='education' and datavalue=3 ) LIMIT 1   [ RunTime:0.000627s ]
SQL: SELECT * FROM `stj_cascadedata` WHERE ( datagroup='treatment' and datavalue=15000 ) LIMIT 1   [ RunTime:0.000934s ]
SQL: SELECT * FROM `stj_cascadedata` WHERE ( datagroup='experience' and datavalue=3 ) LIMIT 1   [ RunTime:0.000594s ]
SQL: select com.cpname,com.scale,com.id cpid from stj_company com where  com.id=88 [ RunTime:0.000182s ]
SQL: select cas.cascname from stj_casclist cas where cas.id=22 [ RunTime:0.000226s ]
SQL: select count(*) as num from stj_record where stj_record.j_id = 255 [ RunTime:0.000174s ]
SQL: SELECT * FROM `stj_cascadedata` WHERE ( datagroup='scale' and datavalue=4 ) LIMIT 1   [ RunTime:0.000874s ]
SQL: SELECT * FROM `stj_cascadedata` WHERE ( datagroup='education' and datavalue=3 ) LIMIT 1   [ RunTime:0.000866s ]
SQL: SHOW COLUMNS FROM `stj_casclist` [ RunTime:0.001416s ]
SQL: SELECT * FROM `stj_casclist` WHERE ( id='1100' ) LIMIT 1   [ RunTime:0.000234s ]
SQL: SELECT * FROM `stj_cascadedata` WHERE ( datagroup='treatment' and datavalue=20000 ) LIMIT 1   [ RunTime:0.000725s ]
SQL: SELECT * FROM `stj_cascadedata` WHERE ( datagroup='experience' and datavalue=2 ) LIMIT 1   [ RunTime:0.000721s ]
SQL: select com.cpname,com.scale,com.id cpid from stj_company com where  com.id=50 [ RunTime:0.000228s ]
SQL: select cas.cascname from stj_casclist cas where cas.id=22 [ RunTime:0.000182s ]
SQL: select count(*) as num from stj_record where stj_record.j_id = 189 [ RunTime:0.000190s ]
SQL: SELECT * FROM `stj_cascadedata` WHERE ( datagroup='scale' and datavalue=2 ) LIMIT 1   [ RunTime:0.000860s ]
SQL: SELECT * FROM `stj_cascadedata` WHERE ( datagroup='education' and datavalue=2 ) LIMIT 1   [ RunTime:0.000943s ]
SQL: SELECT * FROM `stj_casclist` WHERE ( id='952' ) LIMIT 1   [ RunTime:0.000239s ]
SQL: SELECT * FROM `stj_cascadedata` WHERE ( datagroup='treatment' and datavalue=8000 ) LIMIT 1   [ RunTime:0.000740s ]
SQL: SELECT * FROM `stj_cascadedata` WHERE ( datagroup='experience' and datavalue=6 ) LIMIT 1   [ RunTime:0.000700s ]
SQL: select com.cpname,com.scale,com.id cpid from stj_company com where  com.id=88 [ RunTime:0.000218s ]
SQL: select cas.cascname from stj_casclist cas where cas.id=22 [ RunTime:0.000201s ]
SQL: select count(*) as num from stj_record where stj_record.j_id = 159 [ RunTime:0.000200s ]
SQL: SELECT * FROM `stj_cascadedata` WHERE ( datagroup='scale' and datavalue=4 ) LIMIT 1   [ RunTime:0.000840s ]
SQL: SELECT * FROM `stj_cascadedata` WHERE ( datagroup='education' and datavalue=3 ) LIMIT 1   [ RunTime:0.001015s ]
SQL: SELECT * FROM `stj_casclist` WHERE ( id='1015' ) LIMIT 1   [ RunTime:0.000266s ]
SQL: SELECT * FROM `stj_cascadedata` WHERE ( datagroup='treatment' and datavalue=40000 ) LIMIT 1   [ RunTime:0.001003s ]
SQL: SELECT * FROM `stj_cascadedata` WHERE ( datagroup='experience' and datavalue=3 ) LIMIT 1   [ RunTime:0.000914s ]
SQL: select com.cpname,com.scale,com.id cpid from stj_company com where  com.id=88 [ RunTime:0.000296s ]
SQL: select cas.cascname from stj_casclist cas where cas.id=22 [ RunTime:0.000240s ]
SQL: select count(*) as num from stj_record where stj_record.j_id = 158 [ RunTime:0.000265s ]
SQL: SELECT * FROM `stj_cascadedata` WHERE ( datagroup='scale' and datavalue=4 ) LIMIT 1   [ RunTime:0.000863s ]
SQL: SELECT * FROM `stj_cascadedata` WHERE ( datagroup='education' and datavalue=3 ) LIMIT 1   [ RunTime:0.000614s ]
SQL: SELECT * FROM `stj_casclist` WHERE ( id='1014' ) LIMIT 1   [ RunTime:0.000218s ]
SQL: SELECT * FROM `stj_cascadedata` WHERE ( datagroup='treatment' and datavalue=40000 ) LIMIT 1   [ RunTime:0.000667s ]
SQL: SELECT * FROM `stj_cascadedata` WHERE ( datagroup='experience' and datavalue=3 ) LIMIT 1   [ RunTime:0.000769s ]
SQL: select com.cpname,com.scale,com.id cpid from stj_company com where  com.id=88 [ RunTime:0.000227s ]
SQL: select cas.cascname from stj_casclist cas where cas.id=22 [ RunTime:0.000209s ]
SQL: select count(*) as num from stj_record where stj_record.j_id = 157 [ RunTime:0.000208s ]
SQL: SELECT * FROM `stj_cascadedata` WHERE ( datagroup='scale' and datavalue=4 ) LIMIT 1   [ RunTime:0.000998s ]
SQL: SELECT * FROM `stj_cascadedata` WHERE ( datagroup='education' and datavalue=3 ) LIMIT 1   [ RunTime:0.000617s ]
SQL: SELECT * FROM `stj_casclist` WHERE ( id='1013' ) LIMIT 1   [ RunTime:0.000210s ]
SQL: SELECT * FROM `stj_cascadedata` WHERE ( datagroup='treatment' and datavalue=20000 ) LIMIT 1   [ RunTime:0.000721s ]
SQL: SELECT * FROM `stj_cascadedata` WHERE ( datagroup='experience' and datavalue=3 ) LIMIT 1   [ RunTime:0.000734s ]
SQL: select com.cpname,com.scale,com.id cpid from stj_company com where  com.id=50 [ RunTime:0.000240s ]
SQL: select cas.cascname from stj_casclist cas where cas.id=22 [ RunTime:0.000218s ]
SQL: select count(*) as num from stj_record where stj_record.j_id = 141 [ RunTime:0.000193s ]
SQL: SELECT * FROM `stj_cascadedata` WHERE ( datagroup='scale' and datavalue=2 ) LIMIT 1   [ RunTime:0.000668s ]
SQL: SELECT * FROM `stj_cascadedata` WHERE ( datagroup='education' and datavalue=3 ) LIMIT 1   [ RunTime:0.000788s ]
SQL: SELECT * FROM `stj_casclist` WHERE ( id='1000' ) LIMIT 1   [ RunTime:0.000229s ]
SQL: SELECT * FROM `stj_cascadedata` WHERE ( datagroup='treatment' and datavalue=15000 ) LIMIT 1   [ RunTime:0.000860s ]
SQL: SELECT * FROM `stj_cascadedata` WHERE ( datagroup='experience' and datavalue=2 ) LIMIT 1   [ RunTime:0.000934s ]
SQL: select com.cpname,com.scale,com.id cpid from stj_company com where  com.id=57 [ RunTime:0.000238s ]
SQL: select cas.cascname from stj_casclist cas where cas.id=22 [ RunTime:0.000195s ]
SQL: select count(*) as num from stj_record where stj_record.j_id = 122 [ RunTime:0.000214s ]
SQL: SELECT * FROM `stj_cascadedata` WHERE ( datagroup='scale' and datavalue=2 ) LIMIT 1   [ RunTime:0.000869s ]
SQL: SELECT * FROM `stj_cascadedata` WHERE ( datagroup='education' and datavalue=3 ) LIMIT 1   [ RunTime:0.000723s ]
SQL: SELECT * FROM `stj_casclist` WHERE ( id='731' ) LIMIT 1   [ RunTime:0.000201s ]
SQL: SELECT * FROM `stj_cascadedata` WHERE ( datagroup='treatment' and datavalue=12000 ) LIMIT 1   [ RunTime:0.000770s ]
SQL: SELECT * FROM `stj_cascadedata` WHERE ( datagroup='experience' and datavalue=2 ) LIMIT 1   [ RunTime:0.000730s ]
SQL: SHOW COLUMNS FROM `stj_member` [ RunTime:0.001862s ]
SQL: SELECT * FROM `stj_member` WHERE ( id='1141' ) LIMIT 1   [ RunTime:0.000299s ]
SQL: SHOW COLUMNS FROM `stj_resume` [ RunTime:0.001812s ]
SQL: SELECT COUNT(*) AS tp_count FROM `stj_resume` WHERE ( t_id=1141 and isshow=1 ) LIMIT 1   [ RunTime:0.002035s ]
SQL: SHOW COLUMNS FROM `stj_record` [ RunTime:0.001800s ]
SQL: SELECT * FROM `stj_record` WHERE ( t_id=1141 )  [ RunTime:0.000282s ]
SQL: SHOW COLUMNS FROM `stj_account` [ RunTime:0.001111s ]
SQL: SELECT `account` FROM `stj_account` WHERE ( uid=1141 ) LIMIT 1   [ RunTime:0.000240s ]
NOTIC: [8] Undefined index: checkinfo /private/var/www/mrenren/Home/Lib/Action/IndexAction.class.php 第 151 行.
NOTIC: [8] Undefined index: checkinfo /private/var/www/mrenren/Home/Lib/Action/IndexAction.class.php 第 151 行.
NOTIC: [8] Undefined index: HTTP_REFERER /private/var/www/mrenren/Home/Lib/Action/IndexAction.class.php 第 164 行.
NOTIC: [8] Undefined index: HTTP_REFERER /private/var/www/mrenren/Home/Lib/Action/IndexAction.class.php 第 164 行.
INFO: [ view_parse ] --START--
NOTIC: [8] Undefined variable: arInventedData /private/var/www/mrenren/Home/Runtime/Cache/2b6cd52cd0ae5b2c22ea44ba14a3bf98.php 第 24 行.
NOTIC: [2] Invalid argument supplied for foreach() /private/var/www/mrenren/Home/Runtime/Cache/2b6cd52cd0ae5b2c22ea44ba14a3bf98.php 第 24 行.
NOTIC: [8] Undefined variable: select /private/var/www/mrenren/Home/Runtime/Cache/2b6cd52cd0ae5b2c22ea44ba14a3bf98.php 第 279 行.
NOTIC: [8] Undefined variable: select /private/var/www/mrenren/Home/Runtime/Cache/2b6cd52cd0ae5b2c22ea44ba14a3bf98.php 第 280 行.
NOTIC: [8] Undefined variable: select /private/var/www/mrenren/Home/Runtime/Cache/2b6cd52cd0ae5b2c22ea44ba14a3bf98.php 第 281 行.
NOTIC: [8] Undefined variable: select /private/var/www/mrenren/Home/Runtime/Cache/2b6cd52cd0ae5b2c22ea44ba14a3bf98.php 第 282 行.
NOTIC: [8] Undefined variable: select /private/var/www/mrenren/Home/Runtime/Cache/2b6cd52cd0ae5b2c22ea44ba14a3bf98.php 第 283 行.
NOTIC: [8] Undefined variable: select /private/var/www/mrenren/Home/Runtime/Cache/2b6cd52cd0ae5b2c22ea44ba14a3bf98.php 第 367 行.
NOTIC: [8] Undefined variable: select /private/var/www/mrenren/Home/Runtime/Cache/2b6cd52cd0ae5b2c22ea44ba14a3bf98.php 第 368 行.
NOTIC: [8] Undefined variable: select /private/var/www/mrenren/Home/Runtime/Cache/2b6cd52cd0ae5b2c22ea44ba14a3bf98.php 第 369 行.
NOTIC: [8] Undefined variable: select /private/var/www/mrenren/Home/Runtime/Cache/2b6cd52cd0ae5b2c22ea44ba14a3bf98.php 第 370 行.
NOTIC: [8] Undefined variable: select /private/var/www/mrenren/Home/Runtime/Cache/2b6cd52cd0ae5b2c22ea44ba14a3bf98.php 第 371 行.
NOTIC: [8] Undefined variable: select /private/var/www/mrenren/Home/Runtime/Cache/2b6cd52cd0ae5b2c22ea44ba14a3bf98.php 第 503 行.
NOTIC: [8] Undefined variable: select /private/var/www/mrenren/Home/Runtime/Cache/2b6cd52cd0ae5b2c22ea44ba14a3bf98.php 第 504 行.
NOTIC: [8] Undefined variable: select /private/var/www/mrenren/Home/Runtime/Cache/2b6cd52cd0ae5b2c22ea44ba14a3bf98.php 第 505 行.
NOTIC: [8] Undefined variable: select /private/var/www/mrenren/Home/Runtime/Cache/2b6cd52cd0ae5b2c22ea44ba14a3bf98.php 第 506 行.
NOTIC: [8] Undefined variable: select /private/var/www/mrenren/Home/Runtime/Cache/2b6cd52cd0ae5b2c22ea44ba14a3bf98.php 第 507 行.
NOTIC: [8] Undefined variable: select /private/var/www/mrenren/Home/Runtime/Cache/2b6cd52cd0ae5b2c22ea44ba14a3bf98.php 第 584 行.
NOTIC: [8] Undefined variable: select /private/var/www/mrenren/Home/Runtime/Cache/2b6cd52cd0ae5b2c22ea44ba14a3bf98.php 第 585 行.
NOTIC: [8] Undefined variable: select /private/var/www/mrenren/Home/Runtime/Cache/2b6cd52cd0ae5b2c22ea44ba14a3bf98.php 第 586 行.
NOTIC: [8] Undefined variable: select /private/var/www/mrenren/Home/Runtime/Cache/2b6cd52cd0ae5b2c22ea44ba14a3bf98.php 第 587 行.
NOTIC: [8] Undefined variable: select /private/var/www/mrenren/Home/Runtime/Cache/2b6cd52cd0ae5b2c22ea44ba14a3bf98.php 第 588 行.
NOTIC: [8] Undefined variable: select /private/var/www/mrenren/Home/Runtime/Cache/2b6cd52cd0ae5b2c22ea44ba14a3bf98.php 第 731 行.
NOTIC: [8] Undefined variable: select /private/var/www/mrenren/Home/Runtime/Cache/2b6cd52cd0ae5b2c22ea44ba14a3bf98.php 第 732 行.
NOTIC: [8] Undefined variable: select /private/var/www/mrenren/Home/Runtime/Cache/2b6cd52cd0ae5b2c22ea44ba14a3bf98.php 第 733 行.
NOTIC: [8] Undefined variable: select /private/var/www/mrenren/Home/Runtime/Cache/2b6cd52cd0ae5b2c22ea44ba14a3bf98.php 第 734 行.
NOTIC: [8] Undefined variable: select /private/var/www/mrenren/Home/Runtime/Cache/2b6cd52cd0ae5b2c22ea44ba14a3bf98.php 第 735 行.
NOTIC: [8] Undefined variable: select /private/var/www/mrenren/Home/Runtime/Cache/2b6cd52cd0ae5b2c22ea44ba14a3bf98.php 第 786 行.
NOTIC: [8] Undefined variable: select /private/var/www/mrenren/Home/Runtime/Cache/2b6cd52cd0ae5b2c22ea44ba14a3bf98.php 第 787 行.
NOTIC: [8] Undefined variable: select /private/var/www/mrenren/Home/Runtime/Cache/2b6cd52cd0ae5b2c22ea44ba14a3bf98.php 第 788 行.
NOTIC: [8] Undefined variable: select /private/var/www/mrenren/Home/Runtime/Cache/2b6cd52cd0ae5b2c22ea44ba14a3bf98.php 第 789 行.
NOTIC: [8] Undefined variable: select /private/var/www/mrenren/Home/Runtime/Cache/2b6cd52cd0ae5b2c22ea44ba14a3bf98.php 第 790 行.
NOTIC: [8] Undefined variable: isshow /private/var/www/mrenren/Home/Runtime/Cache/2b6cd52cd0ae5b2c22ea44ba14a3bf98.php 第 830 行.
INFO: ParseTemplate Behavior ::run [ RunTime:0.058490s ]
INFO: [ view_parse ] --END-- [ RunTime:0.058520s ]
INFO: [ view_filter ] --START--
INFO: ContentReplace Behavior ::run [ RunTime:0.002316s ]
INFO: TokenBuild Behavior ::run [ RunTime:0.000659s ]
INFO: WriteHtmlCache Behavior ::run [ RunTime:0.000572s ]
INFO: ShowRuntime Behavior ::run [ RunTime:0.000746s ]
INFO: [ view_filter ] --END-- [ RunTime:0.004458s ]
INFO: [ view_end ] --START--
INFO: ShowPageTrace Behavior ::run [ RunTime:0.000736s ]
INFO: [ view_end ] --END-- [ RunTime:0.000792s ]

[ 2015-08-12T21:06:01+08:00 ] 127.0.0.1 /index.php?s=/Job/job_detail_new/jobid/770
INFO: [ route_check ] --START--
INFO: CheckRoute Behavior ::run [ RunTime:0.006274s ]
INFO: [ route_check ] --END-- [ RunTime:0.006353s ]
INFO: [ app_begin ] --START--
INFO: ReadHtmlCache Behavior ::run [ RunTime:0.000393s ]
INFO: [ app_begin ] --END-- [ RunTime:0.000441s ]
SQL: SHOW COLUMNS FROM `stj_job` [ RunTime:0.001612s ]
SQL: SELECT job.title,job.report,job.report_number,job.type,job.employ,job.starttime,job.orderid,job.posttime,job.experience,job.jobplace,job.education,job.endtime,job.joblang,job.employ,com.cpname,com.remark,job.softlytip,com.webname,job.email,job.mobile,com.address,com.stage,com.nature,com.scale,com.brightreg,com.intro,com.bright,job.content,job.workdesc,job.treatment,job.Tariff,job.Jobcate,job.strycate,cas.cascname,com.id as cpid,job.id FROM stj_job job inner join stj_company com ON job.cpid = com.id inner join stj_casclist cas ON job.Jobplace = cas.id  and  job.id=770 LIMIT 1   [ RunTime:0.000555s ]
SQL: SHOW COLUMNS FROM `stj_cascadedata` [ RunTime:0.001259s ]
SQL: SELECT * FROM `stj_cascadedata` WHERE ( datagroup='stage' and datavalue=3 ) LIMIT 1   [ RunTime:0.001108s ]
SQL: SELECT * FROM `stj_cascadedata` WHERE ( datagroup='nature' and datavalue=1 ) LIMIT 1   [ RunTime:0.000776s ]
SQL: SELECT * FROM `stj_cascadedata` WHERE ( datagroup='scale' and datavalue=1 ) LIMIT 1   [ RunTime:0.000867s ]
SQL: SHOW COLUMNS FROM `stj_casclist` [ RunTime:0.001162s ]
SQL: SELECT * FROM `stj_casclist` WHERE ( id='315' ) LIMIT 1   [ RunTime:0.000222s ]
SQL: SELECT * FROM `stj_cascadedata` WHERE ( datagroup='joblang' and datavalue=1 ) LIMIT 1   [ RunTime:0.000881s ]
SQL: SELECT * FROM `stj_casclist` WHERE ( id='738' ) LIMIT 1   [ RunTime:0.000226s ]
SQL: SELECT * FROM `stj_casclist` WHERE ( id='22' ) LIMIT 1   [ RunTime:0.000212s ]
SQL: SELECT * FROM `stj_cascadedata` WHERE ( datagroup='treatment' and datavalue=12000 ) LIMIT 1   [ RunTime:0.000781s ]
SQL: SELECT * FROM `stj_cascadedata` WHERE ( datagroup='experience' and datavalue=1 ) LIMIT 1   [ RunTime:0.000623s ]
SQL: SELECT * FROM `stj_cascadedata` WHERE ( datagroup='education' and datavalue=2 ) LIMIT 1   [ RunTime:0.000683s ]
SQL: select count(*) as num from stj_record where stj_record.j_id = 770 [ RunTime:0.000198s ]
SQL: SHOW COLUMNS FROM `stj_job_collection` [ RunTime:0.001334s ]
SQL: SELECT * FROM `stj_job_collection` WHERE ( username='tuijianren' and status=1 and j_id=770 ) LIMIT 1   [ RunTime:0.000289s ]
NOTIC: [8] Undefined index: share /private/var/www/mrenren/Home/Lib/Action/JobAction.class.php 第 114 行.
NOTIC: [8] unserialize(): Error at offset 0 of 8 bytes /private/var/www/mrenren/Home/Common/common.php 第 291 行.
NOTIC: [8] unserialize(): Error at offset 0 of 8 bytes /private/var/www/mrenren/Home/Common/common.php 第 291 行.
SQL: SHOW COLUMNS FROM `stj_company` [ RunTime:0.001987s ]
SQL: select * from stj_job where stj_job.employ>(select count(*) from stj_record where stj_record.j_id = stj_job.id and audstart=6) and checkinfo='true' and endtime>unix_timestamp(now()) and is_deleted=0 and cpid=225 order by orderid asc, starttime desc [ RunTime:0.000736s ]
SQL: select com.cpname,com.id cpid from stj_company com where  com.id=225 [ RunTime:0.000239s ]
SQL: select cas.cascname from stj_casclist cas where cas.id=22 [ RunTime:0.000183s ]
SQL: SELECT * FROM `stj_cascadedata` WHERE ( datagroup='treatment' and datavalue=12000 ) LIMIT 1   [ RunTime:0.000743s ]
SQL: SELECT * FROM `stj_cascadedata` WHERE ( datagroup='experience' and datavalue=1 ) LIMIT 1   [ RunTime:0.000711s ]
SQL: SELECT * FROM `stj_cascadedata` WHERE ( datagroup='education' and datavalue=2 ) LIMIT 1   [ RunTime:0.000731s ]
SQL: select count(*) as num from stj_record where stj_record.j_id = 770 [ RunTime:0.000192s ]
SQL: select com.cpname,com.id cpid from stj_company com where  com.id=225 [ RunTime:0.000224s ]
SQL: select cas.cascname from stj_casclist cas where cas.id=22 [ RunTime:0.000185s ]
SQL: SELECT * FROM `stj_cascadedata` WHERE ( datagroup='treatment' and datavalue=8000 ) LIMIT 1   [ RunTime:0.000766s ]
SQL: SELECT * FROM `stj_cascadedata` WHERE ( datagroup='experience' and datavalue=2 ) LIMIT 1   [ RunTime:0.001234s ]
SQL: SELECT * FROM `stj_cascadedata` WHERE ( datagroup='education' and datavalue=2 ) LIMIT 1   [ RunTime:0.000932s ]
SQL: select count(*) as num from stj_record where stj_record.j_id = 780 [ RunTime:0.000265s ]
SQL: SHOW COLUMNS FROM `stj_evaluate` [ RunTime:0.001347s ]
SQL: SELECT * FROM `stj_evaluate` WHERE ( tag='record' and j_id=770 and status=0 )  [ RunTime:0.000255s ]
INFO: [ view_parse ] --START--
SQL: SHOW COLUMNS FROM `stj_job` [ RunTime:0.001489s ]
SQL: SELECT * FROM `stj_job` WHERE ( id=770 ) LIMIT 1   [ RunTime:0.000314s ]
INFO: ParseTemplate Behavior ::run [ RunTime:0.035220s ]
INFO: [ view_parse ] --END-- [ RunTime:0.035257s ]
INFO: [ view_filter ] --START--
INFO: ContentReplace Behavior ::run [ RunTime:0.000273s ]
INFO: TokenBuild Behavior ::run [ RunTime:0.000189s ]
INFO: WriteHtmlCache Behavior ::run [ RunTime:0.000116s ]
INFO: ShowRuntime Behavior ::run [ RunTime:0.000219s ]
INFO: [ view_filter ] --END-- [ RunTime:0.000879s ]
INFO: [ view_end ] --START--
INFO: ShowPageTrace Behavior ::run [ RunTime:0.000381s ]
INFO: [ view_end ] --END-- [ RunTime:0.000410s ]

[ 2015-08-12T21:06:05+08:00 ] 127.0.0.1 /index.php?s=/Job/job_detail_new/jobid/780
INFO: [ route_check ] --START--
INFO: CheckRoute Behavior ::run [ RunTime:0.000294s ]
INFO: [ route_check ] --END-- [ RunTime:0.000329s ]
INFO: [ app_begin ] --START--
INFO: ReadHtmlCache Behavior ::run [ RunTime:0.000186s ]
INFO: [ app_begin ] --END-- [ RunTime:0.000209s ]
SQL: SHOW COLUMNS FROM `stj_job` [ RunTime:0.001328s ]
SQL: SELECT job.title,job.report,job.report_number,job.type,job.employ,job.starttime,job.orderid,job.posttime,job.experience,job.jobplace,job.education,job.endtime,job.joblang,job.employ,com.cpname,com.remark,job.softlytip,com.webname,job.email,job.mobile,com.address,com.stage,com.nature,com.scale,com.brightreg,com.intro,com.bright,job.content,job.workdesc,job.treatment,job.Tariff,job.Jobcate,job.strycate,cas.cascname,com.id as cpid,job.id FROM stj_job job inner join stj_company com ON job.cpid = com.id inner join stj_casclist cas ON job.Jobplace = cas.id  and  job.id=780 LIMIT 1   [ RunTime:0.000496s ]
SQL: SHOW COLUMNS FROM `stj_cascadedata` [ RunTime:0.001740s ]
SQL: SELECT * FROM `stj_cascadedata` WHERE ( datagroup='stage' and datavalue=3 ) LIMIT 1   [ RunTime:0.000737s ]
SQL: SELECT * FROM `stj_cascadedata` WHERE ( datagroup='nature' and datavalue=1 ) LIMIT 1   [ RunTime:0.000744s ]
SQL: SELECT * FROM `stj_cascadedata` WHERE ( datagroup='scale' and datavalue=1 ) LIMIT 1   [ RunTime:0.000702s ]
SQL: SHOW COLUMNS FROM `stj_casclist` [ RunTime:0.000956s ]
SQL: SELECT * FROM `stj_casclist` WHERE ( id='317' ) LIMIT 1   [ RunTime:0.000270s ]
SQL: SELECT * FROM `stj_cascadedata` WHERE ( datagroup='joblang' and datavalue=2 ) LIMIT 1   [ RunTime:0.000817s ]
SQL: SELECT * FROM `stj_casclist` WHERE ( id='652' ) LIMIT 1   [ RunTime:0.000207s ]
SQL: SELECT * FROM `stj_casclist` WHERE ( id='22' ) LIMIT 1   [ RunTime:0.000205s ]
SQL: SELECT * FROM `stj_cascadedata` WHERE ( datagroup='treatment' and datavalue=8000 ) LIMIT 1   [ RunTime:0.000941s ]
SQL: SELECT * FROM `stj_cascadedata` WHERE ( datagroup='experience' and datavalue=2 ) LIMIT 1   [ RunTime:0.000688s ]
SQL: SELECT * FROM `stj_cascadedata` WHERE ( datagroup='education' and datavalue=2 ) LIMIT 1   [ RunTime:0.000680s ]
SQL: select count(*) as num from stj_record where stj_record.j_id = 780 [ RunTime:0.000228s ]
SQL: SHOW COLUMNS FROM `stj_job_collection` [ RunTime:0.001585s ]
SQL: SELECT * FROM `stj_job_collection` WHERE ( username='tuijianren' and status=1 and j_id=780 ) LIMIT 1   [ RunTime:0.000323s ]
NOTIC: [8] Undefined index: share /private/var/www/mrenren/Home/Lib/Action/JobAction.class.php 第 114 行.
NOTIC: [8] unserialize(): Error at offset 0 of 8 bytes /private/var/www/mrenren/Home/Common/common.php 第 291 行.
NOTIC: [8] unserialize(): Error at offset 0 of 8 bytes /private/var/www/mrenren/Home/Common/common.php 第 291 行.
SQL: SHOW COLUMNS FROM `stj_company` [ RunTime:0.001692s ]
SQL: select * from stj_job where stj_job.employ>(select count(*) from stj_record where stj_record.j_id = stj_job.id and audstart=6) and checkinfo='true' and endtime>unix_timestamp(now()) and is_deleted=0 and cpid=225 order by orderid asc, starttime desc [ RunTime:0.000898s ]
SQL: select com.cpname,com.id cpid from stj_company com where  com.id=225 [ RunTime:0.000275s ]
SQL: select cas.cascname from stj_casclist cas where cas.id=22 [ RunTime:0.000230s ]
SQL: SELECT * FROM `stj_cascadedata` WHERE ( datagroup='treatment' and datavalue=12000 ) LIMIT 1   [ RunTime:0.001124s ]
SQL: SELECT * FROM `stj_cascadedata` WHERE ( datagroup='experience' and datavalue=1 ) LIMIT 1   [ RunTime:0.000731s ]
SQL: SELECT * FROM `stj_cascadedata` WHERE ( datagroup='education' and datavalue=2 ) LIMIT 1   [ RunTime:0.000908s ]
SQL: select count(*) as num from stj_record where stj_record.j_id = 770 [ RunTime:0.000194s ]
SQL: select com.cpname,com.id cpid from stj_company com where  com.id=225 [ RunTime:0.000199s ]
SQL: select cas.cascname from stj_casclist cas where cas.id=22 [ RunTime:0.000178s ]
SQL: SELECT * FROM `stj_cascadedata` WHERE ( datagroup='treatment' and datavalue=8000 ) LIMIT 1   [ RunTime:0.000860s ]
SQL: SELECT * FROM `stj_cascadedata` WHERE ( datagroup='experience' and datavalue=2 ) LIMIT 1   [ RunTime:0.001024s ]
SQL: SELECT * FROM `stj_cascadedata` WHERE ( datagroup='education' and datavalue=2 ) LIMIT 1   [ RunTime:0.000664s ]
SQL: select count(*) as num from stj_record where stj_record.j_id = 780 [ RunTime:0.000181s ]
SQL: SHOW COLUMNS FROM `stj_evaluate` [ RunTime:0.001375s ]
SQL: SELECT * FROM `stj_evaluate` WHERE ( tag='record' and j_id=780 and status=0 )  [ RunTime:0.000282s ]
INFO: [ view_parse ] --START--
SQL: SHOW COLUMNS FROM `stj_job` [ RunTime:0.001370s ]
SQL: SELECT * FROM `stj_job` WHERE ( id=780 ) LIMIT 1   [ RunTime:0.000313s ]
INFO: ParseTemplate Behavior ::run [ RunTime:0.020779s ]
INFO: [ view_parse ] --END-- [ RunTime:0.020817s ]
INFO: [ view_filter ] --START--
INFO: ContentReplace Behavior ::run [ RunTime:0.000254s ]
INFO: TokenBuild Behavior ::run [ RunTime:0.000180s ]
INFO: WriteHtmlCache Behavior ::run [ RunTime:0.000108s ]
INFO: ShowRuntime Behavior ::run [ RunTime:0.000188s ]
INFO: [ view_filter ] --END-- [ RunTime:0.000805s ]
INFO: [ view_end ] --START--
INFO: ShowPageTrace Behavior ::run [ RunTime:0.000569s ]
INFO: [ view_end ] --END-- [ RunTime:0.000612s ]

